0 reads processed...
10000 reads processed...
20000 reads processed...
30000 reads processed...
40000 reads processed...
50000 reads processed...
60000 reads processed...
70000 reads processed...
80000 reads processed...
90000 reads processed...
100000 reads processed...
110000 reads processed...
120000 reads processed...
130000 reads processed...
140000 reads processed...
150000 reads processed...
160000 reads processed...
170000 reads processed...
180000 reads processed...
190000 reads processed...
200000 reads processed...
210000 reads processed...
220000 reads processed...
230000 reads processed...
240000 reads processed...
250000 reads processed...
260000 reads processed...
270000 reads processed...
280000 reads processed...
290000 reads processed...
300000 reads processed...
310000 reads processed...
320000 reads processed...
330000 reads processed...
340000 reads processed...
350000 reads processed...
Gene-0 processed...
Gene-1 processed...
Gene-2 processed...
Gene-3 processed...
Gene-4 processed...
Gene-5 processed...
Gene-6 processed...
Gene-7 processed...
Gene-8 processed...
Gene-9 processed...
Gene-10 processed...
Gene-11 processed...
Gene-12 processed...
Gene-13 processed...
Gene-14 processed...
Gene-15 processed...
Gene-16 processed...
Gene-17 processed...
Gene-18 processed...
Gene-19 processed...
Gene-20 processed...
Gene-21 processed...
Gene-22 processed...
Gene-23 processed...
Gene-24 processed...
Gene-25 processed...
Gene-26 processed...
Gene-27 processed...
Gene-28 processed...
Gene-29 processed...
Gene-30 processed...
Gene-31 processed...
Gene-32 processed...
Gene-33 processed...
Gene-34 processed...
Gene-35 processed...
Gene-36 processed...
Gene-37 processed...
Gene-38 processed...
Gene-39 processed...
Gene-40 processed...
Gene-41 processed...
Gene-42 processed...
Gene-43 processed...
Gene-44 processed...
Gene-45 processed...
Gene-46 processed...
Gene-47 processed...
Gene-48 processed...
Gene-49 processed...
Gene-50 processed...
Gene-51 processed...
Gene-52 processed...
Gene-53 processed...
Gene-54 processed...
Gene-55 processed...
Gene-56 processed...
Gene-57 processed...
Gene-58 processed...
Gene-59 processed...
Gene-60 processed...
Gene-61 processed...
Gene-62 processed...
Gene-63 processed...
Gene-64 processed...
Gene-65 processed...
Gene-66 processed...
Gene-67 processed...
Gene-68 processed...
Gene-69 processed...
Gene-70 processed...
Gene-71 processed...
Gene-72 processed...
Gene-73 processed...
Gene-74 processed...
Gene-75 processed...
Gene-76 processed...
Gene-77 processed...
Gene-78 processed...
Gene-79 processed...
Gene-80 processed...
Gene-81 processed...
Gene-82 processed...
Gene-83 processed...
Gene-84 processed...
Gene-85 processed...
Gene-86 processed...
Gene-87 processed...
Gene-88 processed...
Gene-89 processed...
Gene-90 processed...
Gene-91 processed...
Gene-92 processed...
Gene-93 processed...
Gene-94 processed...
Gene-95 processed...
Gene-96 processed...
Gene-97 processed...
Gene-98 processed...
Gene-99 processed...
Hashing Finished!
Total kmers: 131483
Start iteration
[[  1.80704888e-02   8.71899854e-03   1.07612387e-02   1.63231304e-02
    1.05505938e-02   1.04369907e-02   1.67214347e-02   5.59726032e-03
    3.43959855e-03   8.79051735e-04   1.66986918e-02   1.40908560e-02
    1.09497780e-02   3.49194567e-03   1.05930983e-02   7.61997427e-03
    7.84017799e-03   8.25076397e-04   1.28245848e-02   5.37762002e-03
    1.87062840e-02   1.41549398e-02   7.11141186e-03   3.27712108e-03
    3.06078659e-03   4.95617997e-03   7.91202675e-03   4.67344968e-03
    5.25304734e-03   1.02679746e-02   1.85107664e-02   6.38295775e-04
    1.56497759e-02   5.34697291e-03   1.70910330e-02   1.53663921e-02
    1.06543168e-03   1.60671224e-02   8.41394729e-03   4.79793440e-03
    1.22660666e-02   8.58653734e-03   7.49687912e-03   1.87205761e-02
    1.55089951e-02   1.39699564e-02   2.27902153e-04   1.15422577e-02
    2.21470319e-03   5.04994257e-04   1.20275314e-02   1.49840564e-02
    1.15883247e-02   1.63703498e-02   1.66519870e-02   1.93634671e-02
    1.43867726e-02   3.91304810e-03   8.09791857e-03   1.69191555e-02
    1.22550554e-02   1.89613021e-02   8.88456771e-03   1.34889112e-02
    8.93634045e-03   1.46812933e-02   1.32343882e-03   1.42606242e-02
    1.28732738e-02   4.31227527e-03   1.85151573e-02   1.92174786e-02
    1.74484890e-02   3.71283337e-03   1.48427468e-02   1.37097618e-02
    1.96340763e-03   1.04855327e-02   3.86771701e-03   4.19212908e-04
    5.28415933e-03   7.66377489e-03   5.34774269e-03   1.21830409e-02
    1.54709764e-02   2.86053532e-03   1.28575779e-03   6.88028119e-03
    2.29464864e-03   1.09827349e-02   5.52244446e-03   1.79477074e-02
    1.22941794e-02   1.49782841e-05   1.66620982e-02   1.04886418e-02
    1.88438488e-02   1.68033470e-02   9.81436545e-03   7.72235574e-03]]


+++++0 iteration processed...
[[  1.80704888e-02   8.71899854e-03   1.07612387e-02   1.63231304e-02
    1.05505938e-02   1.04369907e-02   1.67214347e-02   5.59726032e-03
    3.43959855e-03   8.79051735e-04   1.66986918e-02   1.40908560e-02
    1.09497780e-02   3.49194567e-03   1.05930983e-02   7.61997427e-03
    7.84017799e-03   8.25076397e-04   1.28245848e-02   5.37762002e-03
    1.87062840e-02   1.41549398e-02   7.11141186e-03   3.27712108e-03
    3.06078659e-03   4.95617997e-03   7.91202675e-03   4.67344968e-03
    5.25304734e-03   1.02679746e-02   1.85107664e-02   6.38295775e-04
    1.56497759e-02   5.34697291e-03   1.70910330e-02   1.53663921e-02
    1.06543168e-03   1.60671224e-02   8.41394729e-03   4.79793440e-03
    1.22660666e-02   8.58653734e-03   7.49687912e-03   1.87205761e-02
    1.55089951e-02   1.39699564e-02   2.27902153e-04   1.15422577e-02
    2.21470319e-03   5.04994257e-04   1.20275314e-02   1.49840564e-02
    1.15883247e-02   1.63703498e-02   1.66519870e-02   1.93634671e-02
    1.43867726e-02   3.91304810e-03   8.09791857e-03   1.69191555e-02
    1.22550554e-02   1.89613021e-02   8.88456771e-03   1.34889112e-02
    8.93634045e-03   1.46812933e-02   1.32343882e-03   1.42606242e-02
    1.28732738e-02   4.31227527e-03   1.85151573e-02   1.92174786e-02
    1.74484890e-02   3.71283337e-03   1.48427468e-02   1.37097618e-02
    1.96340763e-03   1.04855327e-02   3.86771701e-03   4.19212908e-04
    5.28415933e-03   7.66377489e-03   5.34774269e-03   1.21830409e-02
    1.54709764e-02   2.86053532e-03   1.28575779e-03   6.88028119e-03
    2.29464864e-03   1.09827349e-02   5.52244446e-03   1.79477074e-02
    1.22941794e-02   1.49782841e-05   1.66620982e-02   1.04886418e-02
    1.88438488e-02   1.68033470e-02   9.81436545e-03   7.72235574e-03]]
Gene 0
[[ 1266911.88600266]]
Time: 3.9921449316937867 s
Gene 1
[[ 1103051.26419661]]
Time: 3.2300293362283696 s
Gene 2
[[ 1243219.12003699]]
Time: 3.231130118348176 s
Gene 3
[[ 655878.18565245]]
Time: 3.268875654984612 s
Gene 4
[[ 1154098.99485556]]
Time: 3.7055284665078716 s
Gene 5
[[ 784402.09158621]]
Time: 3.6286656493626595 s
Gene 6
[[ 2359272.62958561]]
Time: 3.724918397148315 s
Gene 7
[[ 1582894.62729311]]
Time: 3.320905956514224 s
Gene 8
[[ 187212.84791276]]
Time: 3.6096488043171178 s
Gene 9
[[ 2238351.45955862]]
Time: 3.6407152363897524 s
Gene 10
[[ 3439150.53586094]]
Time: 3.68557813769732 s
Gene 11
[[ 1671760.27146846]]
Time: 3.3635105866245 s
Gene 12
[[ 2558360.26952092]]
Time: 3.698956617637805 s
Gene 13
[[ 2369726.42253695]]
Time: 3.9844761495924104 s
Gene 14
[[ 934530.20556818]]
Time: 3.612514686717134 s
Gene 15
[[ 938624.51824949]]
Time: 3.228471819336221 s
Gene 16
[[ 1351806.14215534]]
Time: 3.614644918222666 s
Gene 17
[[ 2081882.65941622]]
Time: 3.647992714823772 s
Gene 18
[[ 186978.6777176]]
Time: 3.5880857912121655 s
Gene 19
[[ 2695915.31412314]]
Time: 3.6384826244493524 s
Gene 20
[[ 2342078.44101962]]
Time: 3.623382151780163 s
Gene 21
[[ 1739237.29487805]]
Time: 3.28136581145219 s
Gene 22
[[ 1378618.55534972]]
Time: 3.6113402625301205 s
Gene 23
[[ 700806.0294025]]
Time: 3.271901907740073 s
Gene 24
[[ 982170.09217775]]
Time: 4.236623765244474 s
Gene 25
[[ 1964017.0300094]]
Time: 3.9855240736430915 s
Gene 26
[[ 2953783.00180659]]
Time: 4.239522234900733 s
Gene 27
[[ 1372354.98222404]]
Time: 3.627036029958674 s
Gene 28
[[ 1899966.34001224]]
Time: 3.6088372020223005 s
Gene 29
[[ 629355.73242052]]
Time: 3.252589211462805 s
Gene 30
[[ 1644341.56262844]]
Time: 3.232969630473349 s
Gene 31
[[ 1813496.02041777]]
Time: 3.9838018243218585 s
Gene 32
[[ 621759.3592428]]
Time: 3.6103898436555824 s
Gene 33
[[ 188883.00692003]]
Time: 3.2873138837877036 s
Gene 34
[[ 2485579.24512935]]
Time: 3.6221792458180175 s
Gene 35
[[ 3149038.75553042]]
Time: 3.721009465956456 s
Gene 36
[[ 1300876.73117269]]
Time: 3.2502113681284754 s
Gene 37
[[ 215443.49578925]]
Time: 3.6056811134269537 s
Gene 38
[[ 640502.24997061]]
Time: 3.2180841823767423 s
Gene 39
[[ 595520.8646369]]
Time: 3.5807454475987583 s
Gene 40
[[ 2734257.03943182]]
Time: 3.6734633761577697 s
Gene 41
[[ 2795857.37398632]]
Time: 4.061335117849126 s
Gene 42
[[ 1890214.047293]]
Time: 3.642330743202365 s
Gene 43
[[ 2796388.92595928]]
Time: 3.626776614871744 s
Gene 44
[[ 4107180.52665406]]
Time: 3.9785424464408266 s
Gene 45
[[ 1374222.26187021]]
Time: 3.5851485760780406 s
Gene 46
[[ 1549305.97199979]]
Time: 3.6049269878674863 s
Gene 47
[[ 2462463.15560822]]
Time: 3.6268569283457737 s
Gene 48
[[ 2213292.69945352]]
Time: 3.253501141452034 s
Gene 49
[[ 1841018.30291731]]
Time: 4.371544756543699 s
Gene 50
[[ 648371.9984816]]
Time: 3.2169110411525708 s
Gene 51
[[ 971909.14456801]]
Time: 3.2252451677845784 s
Gene 52
[[ 2250605.51701917]]
Time: 4.370596647002287 s
Gene 53
[[ 2104908.96980083]]
Time: 3.63191411128264 s
Gene 54
[[ 574315.41775961]]
Time: 3.2432990209197214 s
Gene 55
[[ 4336209.89495347]]
Time: 3.993985213596659 s
Gene 56
[[ 1532931.44120205]]
Time: 3.6791032808182536 s
Gene 57
[[ 477244.23654542]]
Time: 3.4605251577467016 s
Gene 58
[[ 2265675.46994618]]
Time: 3.97310140102104 s
Gene 59
[[ 1724065.20504048]]
Time: 3.9689766754789275 s
Gene 60
[[ 1836265.80589567]]
Time: 3.6445946594362226 s
Gene 61
[[ 1525576.29696993]]
Time: 3.9809192634048145 s
Gene 62
[[ 2687979.87442032]]
Time: 3.2674615733383803 s
Gene 63
[[ 391432.7727692]]
Time: 3.7309991278418693 s
Gene 64
[[ 784069.74403845]]
Time: 3.4387335206629928 s
Gene 65
[[ 817081.90347232]]
Time: 3.8890316683982746 s
Gene 66
[[ 2034462.11122628]]
Time: 4.4530128971122735 s
Gene 67
[[ 1244590.29369023]]
Time: 3.651647875965182 s
Gene 68
[[ 2089230.26452823]]
Time: 3.3240276617053155 s
Gene 69
[[ 2235943.81586098]]
Time: 3.6751574002964844 s
Gene 70
[[ 2543192.66484102]]
Time: 4.404027066410492 s
Gene 71
[[ 1725590.9243795]]
Time: 3.9642784655456467 s
Gene 72
[[ 2653267.39484565]]
Time: 3.315943456235175 s
Gene 73
[[ 707877.83794936]]
Time: 3.685954558995604 s
Gene 74
[[ 2612242.44267847]]
Time: 4.020395260324733 s
Gene 75
[[ 1989967.79030177]]
Time: 3.2574978273024726 s
Gene 76
[[ 1436465.11116246]]
Time: 4.414349015672428 s
Gene 77
[[ 789812.28575981]]
Time: 3.2518561264939763 s
Gene 78
[[ 725748.27345196]]
Time: 3.6354543189532933 s
Gene 79
[[ 660786.01409996]]
Time: 3.581566543818724 s
Gene 80
[[ 250592.63601045]]
Time: 3.249423115757395 s
Gene 81
[[ 1815674.05668538]]
Time: 3.59461684186374 s
Gene 82
[[ 1821295.73867799]]
Time: 3.6344371860109277 s
Gene 83
[[ 2008422.53324159]]
Time: 3.6283102686549 s
Gene 84
[[ 286662.64523348]]
Time: 3.2176985237459803 s
Gene 85
[[ 714793.29620289]]
Time: 3.5898170212733476 s
Gene 86
[[ 713401.42477101]]
Time: 3.5982902210776047 s
Gene 87
[[ 1016414.28123443]]
Time: 3.6219749981332825 s
Gene 88
[[ 780393.53110725]]
Time: 3.6205460341180924 s
Gene 89
[[ 1874956.13476471]]
Time: 4.3960750061132785 s
Gene 90
[[ 202999.50764268]]
Time: 3.230613597507272 s
Gene 91
[[ 1007427.97773511]]
Time: 3.2165556604448966 s
Gene 92
[[ 1546759.30962327]]
Time: 3.5843977862219845 s
Gene 93
[[ 569490.95582844]]
Time: 3.226076527707164 s
Gene 94
[[ 3671502.34718821]]
Time: 3.988346591898903 s
Gene 95
[[ 1042026.05884113]]
Time: 3.268906959277956 s
Gene 96
[[ 156642.77395653]]
Time: 3.2285377636263775 s
Gene 97
[[ 1286705.03381509]]
Time: 3.602283827817132 s
Gene 98
[[ 2122176.25303258]]
Time: 3.632539427372649 s
Gene 99
[[ 1852048.31278895]]
Time: 3.2448978492154765 s
Comparing Z...
[[  1.80704888e-02   8.71899854e-03   1.07612387e-02   1.63231304e-02
    1.05505938e-02   1.04369907e-02   1.67214347e-02   5.59726032e-03
    3.43959855e-03   8.79051735e-04   1.66986918e-02   1.40908560e-02
    1.09497780e-02   3.49194567e-03   1.05930983e-02   7.61997427e-03
    7.84017799e-03   8.25076397e-04   1.28245848e-02   5.37762002e-03
    1.87062840e-02   1.41549398e-02   7.11141186e-03   3.27712108e-03
    3.06078659e-03   4.95617997e-03   7.91202675e-03   4.67344968e-03
    5.25304734e-03   1.02679746e-02   1.85107664e-02   6.38295775e-04
    1.56497759e-02   5.34697291e-03   1.70910330e-02   1.53663921e-02
    1.06543168e-03   1.60671224e-02   8.41394729e-03   4.79793440e-03
    1.22660666e-02   8.58653734e-03   7.49687912e-03   1.87205761e-02
    1.55089951e-02   1.39699564e-02   2.27902153e-04   1.15422577e-02
    2.21470319e-03   5.04994257e-04   1.20275314e-02   1.49840564e-02
    1.15883247e-02   1.63703498e-02   1.66519870e-02   1.93634671e-02
    1.43867726e-02   3.91304810e-03   8.09791857e-03   1.69191555e-02
    1.22550554e-02   1.89613021e-02   8.88456771e-03   1.34889112e-02
    8.93634045e-03   1.46812933e-02   1.32343882e-03   1.42606242e-02
    1.28732738e-02   4.31227527e-03   1.85151573e-02   1.92174786e-02
    1.74484890e-02   3.71283337e-03   1.48427468e-02   1.37097618e-02
    1.96340763e-03   1.04855327e-02   3.86771701e-03   4.19212908e-04
    5.28415933e-03   7.66377489e-03   5.34774269e-03   1.21830409e-02
    1.54709764e-02   2.86053532e-03   1.28575779e-03   6.88028119e-03
    2.29464864e-03   1.09827349e-02   5.52244446e-03   1.79477074e-02
    1.22941794e-02   1.49782841e-05   1.66620982e-02   1.04886418e-02
    1.88438488e-02   1.68033470e-02   9.81436545e-03   7.72235574e-03]]
[[ 0.00820498  0.0070758   0.00794396  0.00416207  0.00780778  0.00519478
   0.01525524  0.01078676  0.00139019  0.01446368  0.0212047   0.01130596
   0.01632484  0.01465665  0.0062814   0.00639351  0.00856682  0.01310754
   0.00138736  0.01648372  0.01543966  0.01089741  0.00936253  0.0048061
   0.0065027   0.01231598  0.01831934  0.0084745   0.01272169  0.00449118
   0.01122936  0.01236705  0.00432378  0.00140154  0.01530915  0.01914495
   0.00887454  0.00156727  0.00444294  0.00411951  0.01730649  0.01809521
   0.0120351   0.0173334   0.02457805  0.00940225  0.01050589  0.01528078
   0.01383951  0.01114992  0.00430109  0.00661335  0.01396435  0.01424239
   0.00370529  0.02626898  0.00974838  0.00314921  0.01499139  0.01100239
   0.01160669  0.00975405  0.0167137   0.00263853  0.00530543  0.00503307
   0.01249755  0.00790424  0.0137005   0.01457149  0.0157489   0.01062505
   0.01656028  0.00457061  0.01616596  0.01333451  0.00905044  0.00491107
   0.00487135  0.00443443  0.00179307  0.0115895   0.01152442  0.0124323
   0.0020172   0.00497065  0.00487986  0.00644159  0.0049593   0.01184785
   0.00149233  0.00661051  0.01017111  0.00393793  0.02259656  0.00680344
   0.00119159  0.00869013  0.01292029  0.01151023]]


+++++1 iteration processed...
[[ 0.00820498  0.0070758   0.00794396  0.00416207  0.00780778  0.00519478
   0.01525524  0.01078676  0.00139019  0.01446368  0.0212047   0.01130596
   0.01632484  0.01465665  0.0062814   0.00639351  0.00856682  0.01310754
   0.00138736  0.01648372  0.01543966  0.01089741  0.00936253  0.0048061
   0.0065027   0.01231598  0.01831934  0.0084745   0.01272169  0.00449118
   0.01122936  0.01236705  0.00432378  0.00140154  0.01530915  0.01914495
   0.00887454  0.00156727  0.00444294  0.00411951  0.01730649  0.01809521
   0.0120351   0.0173334   0.02457805  0.00940225  0.01050589  0.01528078
   0.01383951  0.01114992  0.00430109  0.00661335  0.01396435  0.01424239
   0.00370529  0.02626898  0.00974838  0.00314921  0.01499139  0.01100239
   0.01160669  0.00975405  0.0167137   0.00263853  0.00530543  0.00503307
   0.01249755  0.00790424  0.0137005   0.01457149  0.0157489   0.01062505
   0.01656028  0.00457061  0.01616596  0.01333451  0.00905044  0.00491107
   0.00487135  0.00443443  0.00179307  0.0115895   0.01152442  0.0124323
   0.0020172   0.00497065  0.00487986  0.00644159  0.0049593   0.01184785
   0.00149233  0.00661051  0.01017111  0.00393793  0.02259656  0.00680344
   0.00119159  0.00869013  0.01292029  0.01151023]]
Gene 0
[[ 1257736.23632179]]
Time: 4.0536681318957335 s
Gene 1
[[ 1095580.86796744]]
Time: 3.342186974386209 s
Gene 2
[[ 1245769.00458004]]
Time: 3.6394810261342627 s
Gene 3
[[ 670528.13990841]]
Time: 3.636304666726005 s
Gene 4
[[ 1155968.5933939]]
Time: 3.9585664583734115 s
Gene 5
[[ 785232.43332537]]
Time: 3.223645826303823 s
Gene 6
[[ 2354591.89725362]]
Time: 3.6186834286617113 s
Gene 7
[[ 1609411.70749305]]
Time: 3.9789576132169486 s
Gene 8
[[ 187023.63330484]]
Time: 3.2152354916787544 s
Gene 9
[[ 2264261.7643767]]
Time: 3.983277862296518 s
Gene 10
[[ 3433190.34221064]]
Time: 3.5963111225950115 s
Gene 11
[[ 1694337.39748295]]
Time: 3.9584540708283384 s
Gene 12
[[ 2564206.87553687]]
Time: 3.9842321300595813 s
Gene 13
[[ 2328791.49447982]]
Time: 3.597289510059568 s
Gene 14
[[ 935160.99575141]]
Time: 3.6167728403951287 s
Gene 15
[[ 949775.19551338]]
Time: 3.580975867725442 s
Gene 16
[[ 1344593.93560313]]
Time: 3.6034972540745684 s
Gene 17
[[ 2070415.85748441]]
Time: 3.836695765119316 s
Gene 18
[[ 186608.57596427]]
Time: 3.2741819893057027 s
Gene 19
[[ 2646034.4088181]]
Time: 3.317404494321522 s
Gene 20
[[ 2332835.97755369]]
Time: 3.6890503483372186 s
Gene 21
[[ 1735648.8037989]]
Time: 3.303766086108908 s
Gene 22
[[ 1367270.53717732]]
Time: 3.6017342065349567 s
Gene 23
[[ 703935.93301727]]
Time: 3.2423078038267477 s
Gene 24
[[ 955417.15994262]]
Time: 3.223042320582067 s
Gene 25
[[ 1938043.26199135]]
Time: 3.2425433558048553 s
Gene 26
[[ 3049796.34345223]]
Time: 3.9731914650127464 s
Gene 27
[[ 1372510.72111061]]
Time: 3.6218282271839826 s
Gene 28
[[ 1902508.78077332]]
Time: 3.6100390816141044 s
Gene 29
[[ 631323.38374242]]
Time: 3.249949643708419 s
Gene 30
[[ 1642292.33400163]]
Time: 3.5893112773203484 s
Gene 31
[[ 1848353.5103229]]
Time: 3.977271800040512 s
Gene 32
[[ 620927.94452128]]
Time: 3.2669740474577793 s
Gene 33
[[ 188816.79125513]]
Time: 3.243243596924799 s
Gene 34
[[ 2482573.31128228]]
Time: 4.256705469450253 s
Gene 35
[[ 3096496.74723051]]
Time: 3.6496246435608555 s
Gene 36
[[ 1299359.0737242]]
Time: 3.6149689946370245 s
Gene 37
[[ 213765.50997769]]
Time: 3.6666842004922273 s
Gene 38
[[ 641091.90847467]]
Time: 3.309771635179686 s
Gene 39
[[ 589216.94200525]]
Time: 3.597600500252838 s
Gene 40
[[ 2736783.24956545]]
Time: 3.6131063891806434 s
Gene 41
[[ 2790390.01799426]]
Time: 3.6259845136121385 s
Gene 42
[[ 1887126.44336908]]
Time: 3.616029235131009 s
Gene 43
[[ 2883843.20585205]]
Time: 3.988457439888748 s
Gene 44
[[ 4112783.9528453]]
Time: 4.3513126890926515 s
Gene 45
[[ 1378295.68405413]]
Time: 3.595474630821059 s
Gene 46
[[ 1574356.84854043]]
Time: 3.609624171430596 s
Gene 47
[[ 2517337.93973264]]
Time: 4.002540266430287 s
Gene 48
[[ 2222111.14906601]]
Time: 3.5988711466532095 s
Gene 49
[[ 1767572.71005655]]
Time: 3.61041986498617 s
Gene 50
[[ 644294.52467231]]
Time: 3.2943796733525232 s
Gene 51
[[ 982955.1992666]]
Time: 4.24539923109478 s
Gene 52
[[ 2258919.80741091]]
Time: 3.989931307603456 s
Gene 53
[[ 2115921.88147555]]
Time: 3.9434054298579895 s
Gene 54
[[ 577472.64216469]]
Time: 3.265867620301492 s
Gene 55
[[ 4301545.37502791]]
Time: 3.999522224637076 s
Gene 56
[[ 1530682.7857462]]
Time: 3.2496653391422115 s
Gene 57
[[ 479111.15816509]]
Time: 3.2446512637568503 s
Gene 58
[[ 2291956.22063784]]
Time: 3.9708957313002884 s
Gene 59
[[ 1699335.27177236]]
Time: 3.6083278657732762 s
Gene 60
[[ 1837059.08548675]]
Time: 3.9768758777069024 s
Gene 61
[[ 1535177.65097204]]
Time: 3.977205085972628 s
Gene 62
[[ 2659412.04858228]]
Time: 3.6059731157702117 s
Gene 63
[[ 389773.77449479]]
Time: 3.230392414713151 s
Gene 64
[[ 787358.07737145]]
Time: 3.6103321103275903 s
Gene 65
[[ 818566.16814479]]
Time: 3.61668816484746 s
Gene 66
[[ 1928267.04379617]]
Time: 3.6795864446251016 s
Gene 67
[[ 1234428.23323993]]
Time: 3.533005373818014 s
Gene 68
[[ 2097689.12447226]]
Time: 3.2344955864796248 s
Gene 69
[[ 2249239.68836296]]
Time: 3.6256750629740964 s
Gene 70
[[ 2480853.11387981]]
Time: 3.6108873766463603 s
Gene 71
[[ 1701056.64025048]]
Time: 3.613898747032863 s
Gene 72
[[ 2683183.43837861]]
Time: 3.979223186525587 s
Gene 73
[[ 716662.85711322]]
Time: 3.9766793277992747 s
Gene 74
[[ 2617889.8722505]]
Time: 3.6118424141870946 s
Gene 75
[[ 2022977.95572466]]
Time: 3.9845526141780283 s
Gene 76
[[ 1383388.87602112]]
Time: 3.5819160228973033 s
Gene 77
[[ 797391.12240324]]
Time: 3.235938919678574 s
Gene 78
[[ 719524.56033288]]
Time: 3.604053290171123 s
Gene 79
[[ 659078.04873969]]
Time: 3.2336652529270395 s
Gene 80
[[ 250507.00929375]]
Time: 3.2332439279293794 s
Gene 81
[[ 1772952.3552452]]
Time: 3.599798472196426 s
Gene 82
[[ 1830034.40597052]]
Time: 3.98836096108289 s
Gene 83
[[ 2007199.42096107]]
Time: 3.674003760107553 s
Gene 84
[[ 287789.98930329]]
Time: 3.6227296368779207 s
Gene 85
[[ 722372.24904745]]
Time: 3.6061206564972963 s
Gene 86
[[ 714909.43854888]]
Time: 3.2266225566936555 s
Gene 87
[[ 1014269.04708018]]
Time: 3.23177390910314 s
Gene 88
[[ 777317.93553134]]
Time: 3.231131401310904 s
Gene 89
[[ 1792007.9269786]]
Time: 3.6981347516400547 s
Gene 90
[[ 202943.93983065]]
Time: 3.250756883929398 s
Gene 91
[[ 1014116.13246282]]
Time: 3.6539002455335776 s
Gene 92
[[ 1566893.84958904]]
Time: 3.6143062160319914 s
Gene 93
[[ 576343.32036218]]
Time: 3.6057196023123197 s
Gene 94
[[ 3640653.21140422]]
Time: 3.6435333925719533 s
Gene 95
[[ 1041688.13248161]]
Time: 3.2300449883750844 s
Gene 96
[[ 156644.74562975]]
Time: 3.2276589340785904 s
Gene 97
[[ 1286505.52984337]]
Time: 3.6001584715704666 s
Gene 98
[[ 2106174.05382931]]
Time: 3.6249029759349014 s
Gene 99
[[ 1853548.52292879]]
Time: 3.615292557866269 s
Comparing Z...
[[ 0.00820498  0.0070758   0.00794396  0.00416207  0.00780778  0.00519478
   0.01525524  0.01078676  0.00139019  0.01446368  0.0212047   0.01130596
   0.01632484  0.01465665  0.0062814   0.00639351  0.00856682  0.01310754
   0.00138736  0.01648372  0.01543966  0.01089741  0.00936253  0.0048061
   0.0065027   0.01231598  0.01831934  0.0084745   0.01272169  0.00449118
   0.01122936  0.01236705  0.00432378  0.00140154  0.01530915  0.01914495
   0.00887454  0.00156727  0.00444294  0.00411951  0.01730649  0.01809521
   0.0120351   0.0173334   0.02457805  0.00940225  0.01050589  0.01528078
   0.01383951  0.01114992  0.00430109  0.00661335  0.01396435  0.01424239
   0.00370529  0.02626898  0.00974838  0.00314921  0.01499139  0.01100239
   0.01160669  0.00975405  0.0167137   0.00263853  0.00530543  0.00503307
   0.01249755  0.00790424  0.0137005   0.01457149  0.0157489   0.01062505
   0.01656028  0.00457061  0.01616596  0.01333451  0.00905044  0.00491107
   0.00487135  0.00443443  0.00179307  0.0115895   0.01152442  0.0124323
   0.0020172   0.00497065  0.00487986  0.00644159  0.0049593   0.01184785
   0.00149233  0.00661051  0.01017111  0.00393793  0.02259656  0.00680344
   0.00119159  0.00869013  0.01292029  0.01151023]]
[[ 0.00820498  0.0070758   0.00794396  0.00416207  0.00780778  0.00519478
   0.01525524  0.01078676  0.00139019  0.01446368  0.0212047   0.01130596
   0.01632484  0.01465841  0.0062814   0.00636125  0.00856509  0.01310754
   0.00138736  0.01648372  0.01543966  0.01089741  0.00936253  0.0048061
   0.0065027   0.01231598  0.01831934  0.0084745   0.01272169  0.00449118
   0.01122936  0.01236705  0.00432378  0.00140154  0.01530915  0.01914495
   0.00887454  0.0015606   0.00444294  0.00411951  0.01730649  0.01809521
   0.0120351   0.01736566  0.02457805  0.00940225  0.01050589  0.01528078
   0.01383951  0.01114992  0.00430109  0.00661335  0.01396435  0.01424239
   0.00370529  0.02626898  0.00974838  0.00314921  0.01499139  0.01100239
   0.01160669  0.00975405  0.01671739  0.00263853  0.00530543  0.00503307
   0.01249755  0.00790424  0.0137005   0.01457149  0.0157489   0.01062505
   0.01655852  0.00457061  0.01616596  0.01333451  0.00905044  0.00491107
   0.00487135  0.00443443  0.00179307  0.01158581  0.01152442  0.0124323
   0.0020172   0.00497065  0.00487986  0.00644332  0.0049593   0.01184785
   0.00149233  0.00661051  0.01017111  0.00393793  0.02260322  0.00680344
   0.00119159  0.00869013  0.01292029  0.01151023]]


+++++2 iteration processed...
[[ 0.00820498  0.0070758   0.00794396  0.00416207  0.00780778  0.00519478
   0.01525524  0.01078676  0.00139019  0.01446368  0.0212047   0.01130596
   0.01632484  0.01465841  0.0062814   0.00636125  0.00856509  0.01310754
   0.00138736  0.01648372  0.01543966  0.01089741  0.00936253  0.0048061
   0.0065027   0.01231598  0.01831934  0.0084745   0.01272169  0.00449118
   0.01122936  0.01236705  0.00432378  0.00140154  0.01530915  0.01914495
   0.00887454  0.0015606   0.00444294  0.00411951  0.01730649  0.01809521
   0.0120351   0.01736566  0.02457805  0.00940225  0.01050589  0.01528078
   0.01383951  0.01114992  0.00430109  0.00661335  0.01396435  0.01424239
   0.00370529  0.02626898  0.00974838  0.00314921  0.01499139  0.01100239
   0.01160669  0.00975405  0.01671739  0.00263853  0.00530543  0.00503307
   0.01249755  0.00790424  0.0137005   0.01457149  0.0157489   0.01062505
   0.01655852  0.00457061  0.01616596  0.01333451  0.00905044  0.00491107
   0.00487135  0.00443443  0.00179307  0.01158581  0.01152442  0.0124323
   0.0020172   0.00497065  0.00487986  0.00644332  0.0049593   0.01184785
   0.00149233  0.00661051  0.01017111  0.00393793  0.02260322  0.00680344
   0.00119159  0.00869013  0.01292029  0.01151023]]
Gene 0
[[ 1252338.39406133]]
Time: 3.9834187316168936 s
Gene 1
[[ 1088834.88520057]]
Time: 3.276548285974286 s
Gene 2
[[ 1241713.15493658]]
Time: 3.2824514546105092 s
Gene 3
[[ 654695.44587685]]
Time: 3.247119427675443 s
Gene 4
[[ 1148030.28301954]]
Time: 3.2210121601783612 s
Gene 5
[[ 787617.83899272]]
Time: 3.6267045123597654 s
Gene 6
[[ 2360310.02195313]]
Time: 3.6230655165502412 s
Gene 7
[[ 1584039.96977621]]
Time: 3.60292120375766 s
Gene 8
[[ 187106.6130184]]
Time: 3.2325621614741067 s
Gene 9
[[ 2233413.1606578]]
Time: 3.2365029101447362 s
Gene 10
[[ 3433771.6441838]]
Time: 3.6322982303579465 s
Gene 11
[[ 1683114.81623357]]
Time: 3.58370652584199 s
Gene 12
[[ 2595407.43802014]]
Time: 4.070081588738958 s
Gene 13
[[ 2323770.54020353]]
Time: 3.915721401026076 s
Gene 14
[[ 935424.5125367]]
Time: 3.969416731734327 s
Gene 15
[[ 922326.25785798]]
Time: 3.241023558020288 s
Gene 16
[[ 1349053.92921487]]
Time: 3.638877007227393 s
Gene 17
[[ 2072734.61360521]]
Time: 3.6267370996160935 s
Gene 18
[[ 186679.6899222]]
Time: 3.2523274870427485 s
Gene 19
[[ 2658808.00548367]]
Time: 3.623469649846129 s
Gene 20
[[ 2328667.69281408]]
Time: 3.5874607317146 s
Gene 21
[[ 1750741.80323571]]
Time: 3.240273024756789 s
Gene 22
[[ 1383797.86512588]]
Time: 3.9449052134223166 s
Gene 23
[[ 700439.64392286]]
Time: 3.237872344683865 s
Gene 24
[[ 960813.597832]]
Time: 3.5930162174199722 s
Gene 25
[[ 1989260.09286621]]
Time: 3.643940091793411 s
Gene 26
[[ 3021286.71830315]]
Time: 4.010414065994155 s
Gene 27
[[ 1385951.43825115]]
Time: 4.017636890210952 s
Gene 28
[[ 1896080.11791911]]
Time: 3.6086942799615827 s
Gene 29
[[ 634320.92737986]]
Time: 3.9028648303703903 s
Gene 30
[[ 1638438.4110588]]
Time: 3.6665458970976488 s
Gene 31
[[ 1831588.91579594]]
Time: 3.9774837455022407 s
Gene 32
[[ 620685.4538031]]
Time: 3.234184083101127 s
Gene 33
[[ 188828.05911875]]
Time: 3.233845124317895 s
Gene 34
[[ 2479339.29113726]]
Time: 3.258627091197468 s
Gene 35
[[ 3088755.47835653]]
Time: 3.674991384904615 s
Gene 36
[[ 1298611.11864247]]
Time: 3.6195822724298523 s
Gene 37
[[ 222439.8040987]]
Time: 3.5884514356225736 s
Gene 38
[[ 640894.7666896]]
Time: 3.225111996241367 s
Gene 39
[[ 587305.40240848]]
Time: 3.2841826846715776 s
Gene 40
[[ 2737237.15158807]]
Time: 3.632971529258157 s
Gene 41
[[ 2814950.69490035]]
Time: 3.9911059883831967 s
Gene 42
[[ 1878994.3985685]]
Time: 3.2352348296699347 s
Gene 43
[[ 2827104.29401506]]
Time: 3.6291175088761065 s
Gene 44
[[ 3979131.40240051]]
Time: 3.6535387066039675 s
Gene 45
[[ 1382781.54106577]]
Time: 3.6145900074129713 s
Gene 46
[[ 1582823.53594726]]
Time: 4.262761567257257 s
Gene 47
[[ 2484578.99798483]]
Time: 4.003325952875684 s
Gene 48
[[ 2218811.794017]]
Time: 3.6002534108208692 s
Gene 49
[[ 1791466.28717418]]
Time: 4.002349618151811 s
Gene 50
[[ 647771.222437]]
Time: 3.5991852159572773 s
Gene 51
[[ 983140.28336432]]
Time: 3.9793892019174564 s
Gene 52
[[ 2225057.41910972]]
Time: 3.612541372344367 s
Gene 53
[[ 2090937.33624778]]
Time: 3.226132978072428 s
Gene 54
[[ 576984.04547865]]
Time: 3.6046534601891835 s
Gene 55
[[ 4305493.616677]]
Time: 3.9889103257723946 s
Gene 56
[[ 1548452.41943609]]
Time: 3.6060975631660313 s
Gene 57
[[ 478529.82110176]]
Time: 3.259847702046727 s
Gene 58
[[ 2257477.38221953]]
Time: 3.611963012694332 s
Gene 59
[[ 1747232.81698006]]
Time: 4.38282276971654 s
Gene 60
[[ 1870421.08652862]]
Time: 4.009629662511543 s
Gene 61
[[ 1507737.22233104]]
Time: 3.614723178956183 s
Gene 62
[[ 2652333.84918712]]
Time: 3.685292036983128 s
Gene 63
[[ 390149.66984058]]
Time: 3.221704446928925 s
Gene 64
[[ 792798.22084859]]
Time: 3.2266518082465154 s
Gene 65
[[ 812914.64747739]]
Time: 3.2541387739852325 s
Gene 66
[[ 2037113.45663855]]
Time: 4.359071791778206 s
Gene 67
[[ 1235495.38972152]]
Time: 3.6136862883859067 s
Gene 68
[[ 2094681.11050123]]
Time: 3.2268637537081304 s
Gene 69
[[ 2241180.8920073]]
Time: 3.612460545685053 s
Gene 70
[[ 2569484.08697198]]
Time: 3.602996385380493 s
Gene 71
[[ 1707286.97396955]]
Time: 3.620366162727578 s
Gene 72
[[ 2675095.84229335]]
Time: 3.6213576364127675 s
Gene 73
[[ 706848.45177753]]
Time: 3.616295834809989 s
Gene 74
[[ 2604253.22016876]]
Time: 3.9674527722131643 s
Gene 75
[[ 2007983.22110834]]
Time: 3.606383407287467 s
Gene 76
[[ 1378272.22047057]]
Time: 3.5997533119045784 s
Gene 77
[[ 798609.69612333]]
Time: 3.624561707818657 s
Gene 78
[[ 717513.36237368]]
Time: 3.671857363270192 s
Gene 79
[[ 661141.56874465]]
Time: 3.7933867884078154 s
Gene 80
[[ 250676.25212991]]
Time: 3.2220988297069653 s
Gene 81
[[ 1772466.8982246]]
Time: 3.6005533675338484 s
Gene 82
[[ 1822691.41942104]]
Time: 3.613043780593898 s
Gene 83
[[ 2002972.30049523]]
Time: 3.6108558157604875 s
Gene 84
[[ 286733.8011864]]
Time: 3.2535870999624876 s
Gene 85
[[ 716082.33423797]]
Time: 3.262588880458452 s
Gene 86
[[ 713645.75209365]]
Time: 3.6257238155621963 s
Gene 87
[[ 1043892.89423885]]
Time: 4.0211155156650875 s
Gene 88
[[ 785431.8053255]]
Time: 3.641432669211781 s
Gene 89
[[ 1803992.52826335]]
Time: 3.991706928178928 s
Gene 90
[[ 203447.39914559]]
Time: 3.2518089134612183 s
Gene 91
[[ 1007559.72267747]]
Time: 3.2767279007725847 s
Gene 92
[[ 1549140.36169999]]
Time: 3.6413816072906684 s
Gene 93
[[ 568347.75182632]]
Time: 3.6296999740070532 s
Gene 94
[[ 3647561.6343002]]
Time: 4.006461770658234 s
Gene 95
[[ 1041106.85184054]]
Time: 3.305607394381923 s
Gene 96
[[ 156752.5257602]]
Time: 3.3495560563671916 s
Gene 97
[[ 1290478.72128101]]
Time: 3.6042059627495746 s
Gene 98
[[ 2103170.049019]]
Time: 3.62182643103597 s
Gene 99
[[ 1854912.62047329]]
Time: 3.6444709818179035 s
Comparing Z...
[[ 0.00820498  0.0070758   0.00794396  0.00416207  0.00780778  0.00519478
   0.01525524  0.01078676  0.00139019  0.01446368  0.0212047   0.01130596
   0.01632484  0.01465841  0.0062814   0.00636125  0.00856509  0.01310754
   0.00138736  0.01648372  0.01543966  0.01089741  0.00936253  0.0048061
   0.0065027   0.01231598  0.01831934  0.0084745   0.01272169  0.00449118
   0.01122936  0.01236705  0.00432378  0.00140154  0.01530915  0.01914495
   0.00887454  0.0015606   0.00444294  0.00411951  0.01730649  0.01809521
   0.0120351   0.01736566  0.02457805  0.00940225  0.01050589  0.01528078
   0.01383951  0.01114992  0.00430109  0.00661335  0.01396435  0.01424239
   0.00370529  0.02626898  0.00974838  0.00314921  0.01499139  0.01100239
   0.01160669  0.00975405  0.01671739  0.00263853  0.00530543  0.00503307
   0.01249755  0.00790424  0.0137005   0.01457149  0.0157489   0.01062505
   0.01655852  0.00457061  0.01616596  0.01333451  0.00905044  0.00491107
   0.00487135  0.00443443  0.00179307  0.01158581  0.01152442  0.0124323
   0.0020172   0.00497065  0.00487986  0.00644332  0.0049593   0.01184785
   0.00149233  0.00661051  0.01017111  0.00393793  0.02260322  0.00680344
   0.00119159  0.00869013  0.01292029  0.01151023]]
[[ 0.00820498  0.0070758   0.00794396  0.00416207  0.00780778  0.00519478
   0.01525524  0.01078676  0.00139019  0.01446368  0.0212047   0.01130596
   0.01632484  0.01466031  0.0062814   0.00635681  0.00856534  0.01310754
   0.00138736  0.01648372  0.01543966  0.01089741  0.00936253  0.0048061
   0.0065027   0.01231598  0.01831934  0.0084745   0.01272169  0.00449118
   0.01122936  0.01236705  0.00432378  0.00140154  0.01530915  0.01914495
   0.00887454  0.00156042  0.00444294  0.00411951  0.01730649  0.01809521
   0.0120351   0.0173701   0.02457805  0.00940225  0.01050589  0.01528078
   0.01383951  0.01114992  0.00430109  0.00661335  0.01396435  0.01424239
   0.00370529  0.02626898  0.00974838  0.00314921  0.01499139  0.01100239
   0.01160669  0.00975405  0.01672268  0.00263853  0.00530543  0.00503307
   0.01249755  0.00790424  0.0137005   0.01457149  0.0157489   0.01062505
   0.01655662  0.00457061  0.01616596  0.01333451  0.00905044  0.00491107
   0.00487135  0.00443443  0.00179307  0.01158052  0.01152442  0.0124323
   0.0020172   0.00497065  0.00487986  0.00644307  0.0049593   0.01184785
   0.00149233  0.00661051  0.01017111  0.00393793  0.02260341  0.00680344
   0.00119159  0.00869013  0.01292029  0.01151023]]

Converged!

Gene 0
[[ 1238410.70476646]]
Time: 18.415595542371193 s
Gene 1
[[ 1088205.2368894]]
Time: 17.170886288693737 s
Gene 2
[[ 1241032.69435436]]
Time: 19.368040471832728 s
Gene 3
[[ 654306.77731642]]
Time: 17.129442483364528 s
Gene 4
[[ 1147915.45878284]]
Time: 29.90911234623377 s
Gene 5
[[ 781713.56917765]]
Time: 17.53413976956449 s
Gene 6
[[ 2340810.34911723]]
Time: 17.675182802960762 s
Gene 7
[[ 1578202.18084378]]
Time: 17.69621620900375 s
Gene 8
[[ 187010.09448477]]
Time: 33.432488314133025 s
Gene 9
[[ 2230296.91366791]]
Time: 18.172536178910832 s
Gene 10
[[ 3407059.27889293]]
Time: 18.620948627858297 s
Gene 11
[[ 1671310.66566031]]
Time: 17.430707048520844 s
Gene 12
[[ 2546351.71524383]]
Time: 17.406784153561375 s
Gene 13
[[ 2314032.40445913]]
Time: 17.404944898028816 s
Gene 14
[[ 930795.14518963]]
Time: 17.529403840523628 s
Gene 15
[[ 922268.66798801]]
Time: 21.710462998196817 s
Gene 16
[[ 1334677.05022759]]
Time: 17.44895616860049 s
Gene 17
[[ 2058890.70026261]]
Time: 17.39524415937558 s
Gene 18
[[ 186571.2980432]]
Time: 29.1751164737816 s
Gene 19
[[ 2628416.82469602]]
Time: 17.902640055280244 s
Gene 20
[[ 2322772.5415474]]
Time: 19.003575360852665 s
Gene 21
[[ 1727503.34756203]]
Time: 17.69137251108441 s
Gene 22
[[ 1361561.27574244]]
Time: 17.35071046633402 s
Gene 23
[[ 700365.53427048]]
Time: 19.17606920198932 s
Gene 24
[[ 954590.87683803]]
Time: 23.880408618533693 s
Gene 25
[[ 1934451.54504711]]
Time: 17.723740893850845 s
Gene 26
[[ 2927114.69162803]]
Time: 18.145007131990496 s
Gene 27
[[ 1361916.4604233]]
Time: 17.63845234652581 s
Gene 28
[[ 1893741.1793586]]
Time: 17.324600119726256 s
Gene 29
[[ 628931.26104421]]
Time: 17.270099858129925 s
Gene 30
[[ 1627272.07284122]]
Time: 17.294061755159873 s
Gene 31
[[ 1798403.0703538]]
Time: 18.014716610186497 s
Gene 32
[[ 620622.77029216]]
Time: 20.6982581726661 s
Gene 33
[[ 188766.5226196]]
Time: 19.565988552379167 s
Gene 34
[[ 2465822.55109744]]
Time: 18.380890371081932 s
Gene 35
[[ 3075255.29710066]]
Time: 17.52144202970885 s
Gene 36
[[ 1296924.08023754]]
Time: 17.346422291325325 s
Gene 37
[[ 213557.07557916]]
Time: 20.818797407081092 s
Gene 38
[[ 640221.04860653]]
Time: 17.335529423598473 s
Gene 39
[[ 587191.11460237]]
Time: 17.312491259815488 s
Gene 40
[[ 2722307.68981281]]
Time: 18.20948935769502 s
Gene 41
[[ 2776720.04269391]]
Time: 17.78863623359075 s
Gene 42
[[ 1878011.83822386]]
Time: 17.41593065226607 s
Gene 43
[[ 2790093.25187073]]
Time: 17.807736471220778 s
Gene 44
[[ 3968848.17997913]]
Time: 18.215407665292332 s
Gene 45
[[ 1373136.5458264]]
Time: 23.717003029588795 s
Gene 46
[[ 1539517.98328888]]
Time: 18.614909978346077 s
Gene 47
[[ 2430071.4137672]]
Time: 18.175914733262744 s
Gene 48
[[ 2206424.70445773]]
Time: 17.43779978030534 s
Gene 49
[[ 1756129.83694346]]
Time: 18.565391204879234 s
Gene 50
[[ 643916.52195446]]
Time: 18.020071440503216 s
Gene 51
[[ 971139.75238809]]
Time: 17.494584228948042 s
Gene 52
[[ 2167947.85767071]]
Time: 18.12772613567222 s
Gene 53
[[ 2089376.57091749]]
Time: 17.507238861252063 s
Gene 54
[[ 573440.90421222]]
Time: 17.154172105359976 s
Gene 55
[[ 4228209.72427471]]
Time: 17.505306719209784 s
Gene 56
[[ 1523598.85761477]]
Time: 17.450568596302674 s
Gene 57
[[ 476649.64392689]]
Time: 17.618534604971956 s
Gene 58
[[ 2253080.03660973]]
Time: 17.412506424436287 s
Gene 59
[[ 1689331.65734905]]
Time: 17.349480874744586 s
Gene 60
[[ 1799029.99890413]]
Time: 17.83385528538338 s
Gene 61
[[ 1498591.3626029]]
Time: 17.359894427553627 s
Gene 62
[[ 2636785.19683554]]
Time: 17.377351959558837 s
Gene 63
[[ 389619.33891679]]
Time: 28.740539239546706 s
Gene 64
[[ 784019.77728527]]
Time: 24.40186424764852 s
Gene 65
[[ 811407.426646]]
Time: 17.868349024396593 s
Gene 66
[[ 1921352.93600301]]
Time: 17.959011133295007 s
Gene 67
[[ 1233994.26263332]]
Time: 17.333235486033573 s
Gene 68
[[ 2086200.20532498]]
Time: 17.355890300518695 s
Gene 69
[[ 2227262.94374359]]
Time: 17.798661818435903 s
Gene 70
[[ 2467149.89279766]]
Time: 18.40179702039586 s
Gene 71
[[ 1691534.53932557]]
Time: 17.01377671160708 s
Gene 72
[[ 2647630.5602172]]
Time: 17.816170668954783 s
Gene 73
[[ 705310.95419987]]
Time: 17.497310011805894 s
Gene 74
[[ 2584848.1824227]]
Time: 18.031531377806914 s
Gene 75
[[ 1989297.66810015]]
Time: 17.91027342760708 s
Gene 76
[[ 1375189.78230143]]
Time: 17.65547418435017 s
Gene 77
[[ 789193.81028252]]
Time: 17.112195357265136 s
Gene 78
[[ 714794.78272354]]
Time: 19.22819983121326 s
Gene 79
[[ 659030.2827464]]
Time: 17.407012264355217 s
Gene 80
[[ 250476.90134205]]
Time: 17.540773200651074 s
Gene 81
[[ 1765138.24161146]]
Time: 17.82556349652532 s
Gene 82
[[ 1808949.62693181]]
Time: 17.413794519131443 s
Gene 83
[[ 1984379.59582291]]
Time: 17.83779423790611 s
Gene 84
[[ 286662.46729765]]
Time: 27.121965889096828 s
Gene 85
[[ 714332.93673121]]
Time: 19.565556450493204 s
Gene 86
[[ 712655.98096916]]
Time: 20.595009685086552 s
Gene 87
[[ 1011698.11400696]]
Time: 17.419475735195192 s
Gene 88
[[ 773866.41205276]]
Time: 17.020383970251714 s
Gene 89
[[ 1776206.27191233]]
Time: 17.799692807376687 s
Gene 90
[[ 202887.77205656]]
Time: 19.840333991151056 s
Gene 91
[[ 1007224.14058885]]
Time: 18.856518824015893 s
Gene 92
[[ 1539220.21611878]]
Time: 17.644177183326974 s
Gene 93
[[ 565801.71853871]]
Time: 16.990646174499943 s
Gene 94
[[ 3629891.72726704]]
Time: 17.788506910935666 s
Gene 95
[[ 1040718.94492042]]
Time: 17.756187537350343 s
Gene 96
[[ 156610.64304758]]
Time: 31.632505557153763 s
Gene 97
[[ 1282211.66162225]]
Time: 17.351481013817647 s
Gene 98
[[ 2094369.70117278]]
Time: 18.346974221940854 s
Gene 99
[[ 1844369.77957515]]
Time: 17.064138391662254 s
[[0.9998200502604124, 0.9999233008914169, 0.24996239980534654, 0.4997818729534457, 0.7500649201775291, 0.4998518254057501], [0.9999979711015533, 0.9999982391602745, 0.9999974782072937, 0.9999983409290382, 5.726860370579066e-16, 3.851207556775043e-16, 0.0, 0.9999980587561745, 0.9999980011082634], [0.999999928843822, 0.9999999430085079, 0.9999999237452711, 0.9999999228039914, 0.9999999311418666, 0.999999936202452, 0.9999999362024535], [0.9999904237358593, 0.9999873564904392, 1.9993115796743996e-16, 0.9999867103053489, 0.9999888900456584, 0.9999879570635485, 0.9999879346845839, 0.9999870908784768, 2.145440687845716e-16, 0.9999870908784778], [0.7499997719584163, 0.9999997553387572, 0.9999997730241212, 0.49999986838781496, 0.49999987101805277], [0.9999579914154387, 0.9999551639427615, 0.49998149568639905, 0.9999627297949132, 0.9999706447524193, 0.49998141647093425], [0.33317278073476697, 0.8330029892074283, 0.9994976865024894, 0.9995149379968474, 0.6664491453482404, 0.3331708479395064, 0.33303649558170273], [0.9999977967434099, 0.6666660085261582, 0.8333316522219458, 0.666665549548892, 0.6666653592222658], [4.2951646530752454e-23, 0.9999999999044044, 1.0000000000000069, 0.9999999996978982, 0.0], [0.4956201109320232, 0.48500469327854284, 0.8551350182409732, 0.4910002830677792, 0.639130095632263, 0.8096341264175196, 0.7897195700229368], [0.6420232874379201, 0.6356395851062259, 0.6309214680205758, 0.6339089320244835, 0.9579932742807538, 0.6346319448322667, 0.9466748567630762, 0.968542519696597, 0.3158660044383847, 0.31640471914035373], [0.6666663645216281, 0.9999995522583012, 0.6666665871189622, 0.6666665615478994, 0.4999997866001233], [0.999999726965606, 0.9999998165783381, 0.7999997212098677, 0.7999998366671244, 0.9999994690560537, 0.3999998244731547, 0.7999997619486757], [0.9963954099638771, 0.7473064935791414, 0.7473029018405128, 0.7473025879680352, 0.996434530851372, 0.9971189934429723, 0.7477913647212969, 0.9971164589057255], [0.3332432726348564, 0.9997144518217254, 0.666500416152898, 0.9997267007423227, 0.3332635829392622, 0.9997371931848906, 3.247354021079803e-17], [0.9988854932565511, 0.6666623733427526, 0.9999827866042349, 0.9999071594996257, 0.9999054308346953], [0.0, 0.9759460505185732, 0.32533062011382585, 0.32631297761485006, 0.3265697957885215, 0.9851350152734869, 0.3265770130265714, 0.9821925234602557, 0.9803540929998865], [0.999684910835479, 0.9996074857112321, 0.9996270126705458, 0.4997877641969073, 0.4997960702580921, 0.499761611335039, 0.49981433866697433, 0.9995236989007875], [2.4193924334842635e-21, 0.9999999999771043, 7.488580666182271e-21, 0.9999999999771026, 1.0000000000000024, 4.1780843955600627e-16, 7.55450019151448e-18], [0.5102782770344536, 0.0, 0.2543786696026659, 0.2567406041411316, 0.5187257857529927, 0.3927311536310772, 0.13166176979884356, 0.25649242208788225, 0.5145779914251565, 0.9061667001318339], [0.348920605356939, 0.4759462241353006, 0.8447644475858495, 0.8131612662202216, 0.5635524962491845, 0.47631528538892437], [0.6663027707559779, 0.9992795858328486, 9.643354286807955e-19, 0.9995577531636611, 0.9993956217950809, 0.6663375007765842, 0.6662823185878072, 0.9993594093775129, 0.6662794731469099, 0.6662717966233702], [0.9999998812578961, 0.399999912106797, 0.999999834545248, 0.5999999455552552, 0.999999835075354], [0.0, 0.0, 6.2354783155788555e-15, 0.9999986621882447, 0.9999987506379197, 0.9999988039207311, 0.9999987189693034, 0.9999987189693026], [0.9999996721523087, 0.9999997533908431, 0.33333321018101675, 0.6666663413094263, 5.757983108877949e-16, 0.9999996792340441], [0.9259501165183566, 0.462479173925741, 0.15535786039828373, 0.4634616586573736, 0.4630490014101949, 0.46229840692144386, 0.15813248504047034, 0.47256287936123964, 0.3155547579341854], [0.6471116152363352, 0.4843616198255321, 0.4868481977525285, 0.6470155691215045, 0.48520035483071294, 0.8063273614566696, 0.8058759993549914, 0.9686219027333647, 0.322547368624127], [0.9956546345660046, 0.9962580541686699, 0.9958534919631069, 0.9963683516376923, 0.49788447827035237, 0.49785189326648743, 0.9963068862902463, 0.9959301691267168, 0.49800911701547185], [0.833324411599428, 0.4999962905707754, 0.6666616378168821, 0.9999925740698883, 0.666661392863696, 0.9999939343959233], [0.66666664302711, 0.33333335349212057, 4.46797178946917e-16, 0.0, 0.9999999999999976, 0.9999999999999976, 0.0], [0.9999986493010684, 0.9999990594837423, 0.9999987327959742, 0.6666655779941736, 0.33333294109488454], [0.42837364657584764, 0.9993816926036742, 0.9994765264056649, 0.4283366652623051, 0.7139600094451781], [0.0, 0.9999995619959521, 0.9999996523199168, 0.9999994241273494, 0.9999994241273491, 0.9999994500046139], [0.9999998448872942, 0.0, 0.0, 0.0, 0.0, 0.999999791944972, 0.0, 0.9999997684001519, 2.9594018593961074e-22], [0.19617468990562578, 0.5897027808251606, 0.38627715351035796, 0.9884814009619608, 0.5933063833197952, 0.3910423238810981, 0.5899367483685426, 0.19675485741322413, 0.971597481183925], [0.4996121994032145, 0.7494534698814493, 0.7494834306132541, 0.0, 0.49951889424326273, 0.24979644449663896, 0.49943332628313786, 0.24966863114223678, 0.4992514600188164, 0.4994168679053691], [0.499995447029711, 0.9999897028359266, 0.9999940728725458, 0.9999940728725458, 0.9999940728725457], [0.9999993771171801, 0.9999991307697675, 0.999999191951055, 3.8846230392040937e-16, 5.193965229335528e-17], [0.9999994537413359, 0.0, 8.387451060575349e-16, 0.9999993264631093, 3.556234104607401e-15, 0.999999325997975, 0.9999992588937315, 6.325405534136291e-15, 6.276777673604992e-15], [2.4902708514042987e-16, 1.9787220104542655e-15, 0.9999996282281695, 0.0, 0.9999996803055352, 0.999999679040253, 0.9999996326043795], [0.6078689902320701, 0.6139275129181203, 0.9154633169634007, 0.6144859263374426, 0.6129620016936481, 0.6036564499903638, 0.6133390569640975, 0.6130726039079473], [0.6970182208551847, 0.6975373947151025, 0.9842811330647846, 0.7044613015737758, 0.420270113017157, 0.7041042618880287, 0.9827619696825461], [0.7499790545062223, 0.7499740479762784, 0.7499810160016228, 0.9999721946942398, 0.9999828642203087, 0.4999849674032677, 0.7499783290357563], [0.33636433969603746, 0.5158797876619119, 0.35039673955802403, 0.17304779930671182, 0.6849817501800546, 0.5237033188490949, 0.8757779632824724, 0.7155562208368532, 0.8603381502459838], [0.6407448751516317, 0.7906767629232688, 0.4800676230209165, 0.9565408891952835, 0.4866569989368821, 0.955055210855217, 0.9544767501723108, 0.7946866703174512, 0.634080460082194, 0.9494674606615736], [0.9999995572652535, 0.9999998212563491, 0.5999998038124311, 0.5999998006376412, 0.7999997076162793], [0.6441656182292707, 0.31938505657834604, 0.6311264490073157, 0.1621658645734025, 0.9608834524996342, 0.9788143053419203], [0.0, 0.7711454565036381, 0.7711565173637295, 0.39118589705553286, 0.19299574579956894, 0.19297075542284187, 0.778341217957967, 0.7714611435613611, 0.771461143561361, 0.576453804851466], [0.49948001894987754, 0.9991002541148954, 0.49952546325336733, 0.4995919640633956, 0.9989928673301802, 0.999175429776095, 0.9989342174762553, 0.4996063456372912, 0.4996651635442419], [0.5582985759436021, 0.3819723785643493, 0.56934592765088, 0.18562347736917592, 0.5570147392972681, 0.7240992738832135, 0.7357309506810155, 0.5620903179331803, 0.18621010026985982, 0.18621010026985987], [0.9999480430600012, 0.9999651037591785, 0.49998293948951283, 0.9999479771862038, 0.49999377116952953, 0.49997434135503815], [0.9999813239649455, 0.9999813239649453, 0.4999876966716882, 0.24999953843054004, 0.4999752197243087, 0.24999729729179723], [0.634866236659268, 0.3200728971633889, 0.48391290849055113, 0.9591451742846533, 0.6352960707595311, 0.3186655980215061, 0.7961485032628647], [0.8571371001820236, 0.9999903934642476, 0.7142804710283922, 0.9999899552123516, 0.42856601910021486], [0.9999830539096243, 0.9999816942534977, 0.9999868625217437, 0.9999880979398053, 0.9999849512122149, 8.412090873671806e-17, 0.0, 0.9999843738580837, 0.999982256064434], [0.8330347072812421, 0.999692151107532, 0.9996322302008217, 0.8330050812286633, 0.8330569424567058, 0.9996170908661342, 0.999585764416169, 0.6664425295329586, 0.8329973010618419], [0.6665770868677182, 0.9998796004523789, 0.33330058502074206, 0.9999048642729078, 0.9998966549180469, 0.6666018279697937, 0.999882952200792, 0.666587859374646], [0.999932757362195, 0.9999377878864724, 0.9999779260069409, 0.9999445724492136, 0.9999514495896796, 0.9999533408463059, 7.769931984167464e-17, 0.0], [0.4246423800631722, 0.9901032714572763, 0.9910755244986404, 0.5672108648037523, 0.42546827527898157, 0.8494859883435018], [0.9999070401052941, 0.49997228093126617, 0.9999104067236958, 0.9999236437456207, 0.49996101083105454, 0.9999017773298237, 0.4999323615749568], [0.7499179548796373, 0.7499036389360256, 0.7499271283526487, 0.7500066731534455, 0.7499405923663603, 0.0, 0.7499749773409833, 0.9999739658330159], [0.7476999568000968, 0.499503160268568, 0.24925008031342002, 0.9984660165304149, 0.7483389166031086, 0.7475020186869445, 0.7463007968313345], [0.7995149585141688, 5.017925311091267e-16, 0.9993451202216584, 0.9996629560737532, 0.5996791425406599, 0.9994403321794313, 0.5995849817640188, 0.5996116380206056, 0.5996354479889096], [0.9999987648118834, 0.9999989019134946, 0.9999986101081833, 0.9999984592736628, 2.2619095972121165e-17, 0.999998705197851], [0.9999994061614562, 5.416630211268895e-17, 0.9999994061614528, 0.0, 0.9999992115534155, 0.9999998053919633, 0.9999992889293979], [0.9947800408033356, 0.9945496284762338, 0.9945180934148395, 0.9945180934148398, 0.9945180934148398, 0.9945054126151883, 0.9946460062617632, 0.9946460062617632, 0.9946013289717011, 0.9946652921416291], [0.8033951380630925, 0.6463894295171079, 0.4882229258050202, 0.6480987765300535, 0.32242789379169245, 0.8065917971737342, 0.32087545533932316], [0.999909179466178, 0.9999012607751641, 0.9999116169826928, 0.9999102498248, 0.9999114071987314, 0.9999298688805075, 0.9998926689265666], [0.59999596701812, 0.5999982775879462, 0.9999950995754837, 0.9999968548718059, 0.9999968548718057, 0.5999986074826315], [0.9996479389006915, 0.6665438740890018, 0.66647485977336, 0.9998322231144624, 0.3332510794164816, 0.6664530838746306, 0.6665291076013489], [0.9817561362349124, 0.33066524197384123, 0.6581599683734429, 0.8178622111165793, 0.825416838192945, 0.3280572610438197, 0.6616647660670769, 0.49987569377331353], [0.6666624786176858, 0.9999944576416919, 0.6666626460984855, 0.9999938938761329, 0.6666630915268767, 0.666663115035275, 0.6666641540034913, 0.9999946512767798, 0.6666622702342159], [0.9656123139835546, 0.3886466618602413, 0.3887341696228676, 0.38635142497161745, 0.96545221017177, 0.9719078067455017, 0.7750099808645652, 0.3870735893067087, 0.5819691661019628], [0.999923965883403, 0.4999842310235657, 0.9999486186009645, 0.4999772635451885, 0.499957084188243, 0.499963189267898, 0.49996257790706594], [0.491950686749363, 0.9838089330238294, 0.9838089330238294, 0.9843168437246188, 0.9846531402433623, 0.4927304557931664, 0.49227729459429553, 0.9836505254991804, 0.9836505254991805], [5.927096849354386e-16, 0.5712393939530241, 0.5713085735122019, 0.9997984055590738, 0.8569393693264541, 0.42844088183500784, 0.42844088183500734], [0.7499816265200299, 0.7499827332405675, 0.7499821519451382, 0.999976357049558, 0.24999398800294487, 0.4999922176425076], [0.9999220186870452, 4.2515131502732917e-16, 0.9999268951121822, 0.9999237034417898, 0.9999403712014213, 0.9999299961052007, 0.9999431427075254, 0.9999308074664908, 0.9999375174852542, 0.9999379907238953], [0.9999997269834595, 0.3333332946297351, 0.3333332567900197, 0.6666665839668005, 0.6666664919834883, 2.9702871539936858e-16], [0.4999992004730712, 0.9999987272014697, 0.49999893644554483, 0.9999993326995505, 0.9999988649583399], [0.9999795500050572, 0.0, 0.9998571095190757, 0.0, 0.0, 0.9998477806792622, 0.0, 0.9997646816230096], [0.7409399770450198, 0.4924046053506257, 0.9855516946607428, 0.9863880244469833, 0.9882980285691304, 0.9882980285691303], [0.4998479238199702, 0.9996391594574652, 0.7498154805992546, 0.24989341302046505, 0.9996607914548228, 0.9996363622875417, 0.49988016626232473, 0.4998444619215579], [0.9241594869667712, 0.8862753229218082, 0.29248083355541227, 0.8639001026314711, 0.8808705345742099, 0.8808705345742102, 0.8919155870931821, 0.29383383848886274, 0.8800321894415395], [0.9999999932249147, 6.5940738886676624e-15, 0.9999999932276862, 0.9999999849943734, 0.9999999827796993, 9.07508527910909e-25], [0.6666666288732703, 0.6666666474747404, 0.33333332390052034, 0.9999999618425196, 0.9999999512515193, 0.0], [2.6685687746351457e-16, 0.9999997820641116, 0.9999997161365909, 1.0325354190181777e-15, 0.9999996984478742, 0.9999998044854636, 0.9999997373380406, 3.562353796526697e-15], [0.49924800365038113, 0.4994097550771118, 0.9986138645583902, 0.9987830980416371, 0.49931618786372534, 0.49923662206272706, 0.9986834684831425, 0.9985060397147877], [0.9999985687010544, 0.9999990399685553, 0.4999996221358912, 0.49999938938628224, 0.4999995482334522, 0.49999929074519633, 0.4999994045878657, 0.49999928650752334, 0.0], [0.6666651638606348, 0.33333282470867076, 0.999999518975887, 0.6666655137608798, 0.6666667716577931, 0.6666674559182143], [9.283978117386459e-18, 3.710496880767181e-17, 0.9999999114837507, 0.9999999035038546, 1.0965237035468368e-16, 8.249698464561919e-17, 0.9999999593804455, 5.62946544224993e-16], [0.9999995623541601, 0.9999995623541924, 0.9999995880933509, 0.9999995163834288, 4.049961358225359e-21, 0.9999995176318619, 0.999999617593503], [0.49999967379229565, 0.7499993926809108, 0.9999991520986652, 0.4999997840566294, 0.9999992137247783, 0.9999993969463346], [3.658997900205318e-17, 0.33333316607233165, 0.0, 0.6666658161559501, 0.0, 0.6666668339276689, 0.0, 0.9999991562756226, 0.3333321423314067], [0.8814221350876256, 0.7425146520722327, 0.7326818461472008, 0.29452284366512005, 0.7390297233598696, 0.8808807824590598, 0.4674509207186045, 0.8730902721589245, 0.4437358013888509], [9.477451975626542e-16, 0.9999998178200762, 0.9999997559699773, 0.9999998903355592, 0.9999998277503134, 0.9999998004677226, 0.9999998004677225], [9.335546373548255e-17, 0.9999999806946663, 0.9999999882528515, 1.0573604699691652e-16, 1.0], [0.24995451083457154, 0.999783833856358, 0.7498804102595779, 0.7498241900318582, 0.9998183340776959, 0.9998160506836778], [0.45541196209000157, 0.896932791081008, 0.45282611809952605, 0.4486813378522438, 0.4536677215364228, 0.4509835569763345, 0.900768718419546, 0.4504905124234176, 0.45629854340420284, 0.4515365062701761], [0.6666502642111826, 0.9999842673460898, 0.99997300329902, 0.9999782526755057, 0.6666510064585209, 0.6666510220229004, 0.6666485043471043, 0.6666504519391101, 0.666648856091422]]

======Model Solution==================
Model's Psi
[0.9998200502604124, 0.9999233008914169, 0.24996239980534654, 0.4997818729534457, 0.7500649201775291, 0.4998518254057501]
[0.9999979711015533, 0.9999982391602745, 0.9999974782072937, 0.9999983409290382, 5.726860370579066e-16, 3.851207556775043e-16, 0.0, 0.9999980587561745, 0.9999980011082634]
[0.999999928843822, 0.9999999430085079, 0.9999999237452711, 0.9999999228039914, 0.9999999311418666, 0.999999936202452, 0.9999999362024535]
[0.9999904237358593, 0.9999873564904392, 1.9993115796743996e-16, 0.9999867103053489, 0.9999888900456584, 0.9999879570635485, 0.9999879346845839, 0.9999870908784768, 2.145440687845716e-16, 0.9999870908784778]
[0.7499997719584163, 0.9999997553387572, 0.9999997730241212, 0.49999986838781496, 0.49999987101805277]
[0.9999579914154387, 0.9999551639427615, 0.49998149568639905, 0.9999627297949132, 0.9999706447524193, 0.49998141647093425]
[0.33317278073476697, 0.8330029892074283, 0.9994976865024894, 0.9995149379968474, 0.6664491453482404, 0.3331708479395064, 0.33303649558170273]
[0.9999977967434099, 0.6666660085261582, 0.8333316522219458, 0.666665549548892, 0.6666653592222658]
[4.2951646530752454e-23, 0.9999999999044044, 1.0000000000000069, 0.9999999996978982, 0.0]
[0.4956201109320232, 0.48500469327854284, 0.8551350182409732, 0.4910002830677792, 0.639130095632263, 0.8096341264175196, 0.7897195700229368]
[0.6420232874379201, 0.6356395851062259, 0.6309214680205758, 0.6339089320244835, 0.9579932742807538, 0.6346319448322667, 0.9466748567630762, 0.968542519696597, 0.3158660044383847, 0.31640471914035373]
[0.6666663645216281, 0.9999995522583012, 0.6666665871189622, 0.6666665615478994, 0.4999997866001233]
[0.999999726965606, 0.9999998165783381, 0.7999997212098677, 0.7999998366671244, 0.9999994690560537, 0.3999998244731547, 0.7999997619486757]
[0.9963954099638771, 0.7473064935791414, 0.7473029018405128, 0.7473025879680352, 0.996434530851372, 0.9971189934429723, 0.7477913647212969, 0.9971164589057255]
[0.3332432726348564, 0.9997144518217254, 0.666500416152898, 0.9997267007423227, 0.3332635829392622, 0.9997371931848906, 3.247354021079803e-17]
[0.9988854932565511, 0.6666623733427526, 0.9999827866042349, 0.9999071594996257, 0.9999054308346953]
[0.0, 0.9759460505185732, 0.32533062011382585, 0.32631297761485006, 0.3265697957885215, 0.9851350152734869, 0.3265770130265714, 0.9821925234602557, 0.9803540929998865]
[0.999684910835479, 0.9996074857112321, 0.9996270126705458, 0.4997877641969073, 0.4997960702580921, 0.499761611335039, 0.49981433866697433, 0.9995236989007875]
[2.4193924334842635e-21, 0.9999999999771043, 7.488580666182271e-21, 0.9999999999771026, 1.0000000000000024, 4.1780843955600627e-16, 7.55450019151448e-18]
[0.5102782770344536, 0.0, 0.2543786696026659, 0.2567406041411316, 0.5187257857529927, 0.3927311536310772, 0.13166176979884356, 0.25649242208788225, 0.5145779914251565, 0.9061667001318339]
[0.348920605356939, 0.4759462241353006, 0.8447644475858495, 0.8131612662202216, 0.5635524962491845, 0.47631528538892437]
[0.6663027707559779, 0.9992795858328486, 9.643354286807955e-19, 0.9995577531636611, 0.9993956217950809, 0.6663375007765842, 0.6662823185878072, 0.9993594093775129, 0.6662794731469099, 0.6662717966233702]
[0.9999998812578961, 0.399999912106797, 0.999999834545248, 0.5999999455552552, 0.999999835075354]
[0.0, 0.0, 6.2354783155788555e-15, 0.9999986621882447, 0.9999987506379197, 0.9999988039207311, 0.9999987189693034, 0.9999987189693026]
[0.9999996721523087, 0.9999997533908431, 0.33333321018101675, 0.6666663413094263, 5.757983108877949e-16, 0.9999996792340441]
[0.9259501165183566, 0.462479173925741, 0.15535786039828373, 0.4634616586573736, 0.4630490014101949, 0.46229840692144386, 0.15813248504047034, 0.47256287936123964, 0.3155547579341854]
[0.6471116152363352, 0.4843616198255321, 0.4868481977525285, 0.6470155691215045, 0.48520035483071294, 0.8063273614566696, 0.8058759993549914, 0.9686219027333647, 0.322547368624127]
[0.9956546345660046, 0.9962580541686699, 0.9958534919631069, 0.9963683516376923, 0.49788447827035237, 0.49785189326648743, 0.9963068862902463, 0.9959301691267168, 0.49800911701547185]
[0.833324411599428, 0.4999962905707754, 0.6666616378168821, 0.9999925740698883, 0.666661392863696, 0.9999939343959233]
[0.66666664302711, 0.33333335349212057, 4.46797178946917e-16, 0.0, 0.9999999999999976, 0.9999999999999976, 0.0]
[0.9999986493010684, 0.9999990594837423, 0.9999987327959742, 0.6666655779941736, 0.33333294109488454]
[0.42837364657584764, 0.9993816926036742, 0.9994765264056649, 0.4283366652623051, 0.7139600094451781]
[0.0, 0.9999995619959521, 0.9999996523199168, 0.9999994241273494, 0.9999994241273491, 0.9999994500046139]
[0.9999998448872942, 0.0, 0.0, 0.0, 0.0, 0.999999791944972, 0.0, 0.9999997684001519, 2.9594018593961074e-22]
[0.19617468990562578, 0.5897027808251606, 0.38627715351035796, 0.9884814009619608, 0.5933063833197952, 0.3910423238810981, 0.5899367483685426, 0.19675485741322413, 0.971597481183925]
[0.4996121994032145, 0.7494534698814493, 0.7494834306132541, 0.0, 0.49951889424326273, 0.24979644449663896, 0.49943332628313786, 0.24966863114223678, 0.4992514600188164, 0.4994168679053691]
[0.499995447029711, 0.9999897028359266, 0.9999940728725458, 0.9999940728725458, 0.9999940728725457]
[0.9999993771171801, 0.9999991307697675, 0.999999191951055, 3.8846230392040937e-16, 5.193965229335528e-17]
[0.9999994537413359, 0.0, 8.387451060575349e-16, 0.9999993264631093, 3.556234104607401e-15, 0.999999325997975, 0.9999992588937315, 6.325405534136291e-15, 6.276777673604992e-15]
[2.4902708514042987e-16, 1.9787220104542655e-15, 0.9999996282281695, 0.0, 0.9999996803055352, 0.999999679040253, 0.9999996326043795]
[0.6078689902320701, 0.6139275129181203, 0.9154633169634007, 0.6144859263374426, 0.6129620016936481, 0.6036564499903638, 0.6133390569640975, 0.6130726039079473]
[0.6970182208551847, 0.6975373947151025, 0.9842811330647846, 0.7044613015737758, 0.420270113017157, 0.7041042618880287, 0.9827619696825461]
[0.7499790545062223, 0.7499740479762784, 0.7499810160016228, 0.9999721946942398, 0.9999828642203087, 0.4999849674032677, 0.7499783290357563]
[0.33636433969603746, 0.5158797876619119, 0.35039673955802403, 0.17304779930671182, 0.6849817501800546, 0.5237033188490949, 0.8757779632824724, 0.7155562208368532, 0.8603381502459838]
[0.6407448751516317, 0.7906767629232688, 0.4800676230209165, 0.9565408891952835, 0.4866569989368821, 0.955055210855217, 0.9544767501723108, 0.7946866703174512, 0.634080460082194, 0.9494674606615736]
[0.9999995572652535, 0.9999998212563491, 0.5999998038124311, 0.5999998006376412, 0.7999997076162793]
[0.6441656182292707, 0.31938505657834604, 0.6311264490073157, 0.1621658645734025, 0.9608834524996342, 0.9788143053419203]
[0.0, 0.7711454565036381, 0.7711565173637295, 0.39118589705553286, 0.19299574579956894, 0.19297075542284187, 0.778341217957967, 0.7714611435613611, 0.771461143561361, 0.576453804851466]
[0.49948001894987754, 0.9991002541148954, 0.49952546325336733, 0.4995919640633956, 0.9989928673301802, 0.999175429776095, 0.9989342174762553, 0.4996063456372912, 0.4996651635442419]
[0.5582985759436021, 0.3819723785643493, 0.56934592765088, 0.18562347736917592, 0.5570147392972681, 0.7240992738832135, 0.7357309506810155, 0.5620903179331803, 0.18621010026985982, 0.18621010026985987]
[0.9999480430600012, 0.9999651037591785, 0.49998293948951283, 0.9999479771862038, 0.49999377116952953, 0.49997434135503815]
[0.9999813239649455, 0.9999813239649453, 0.4999876966716882, 0.24999953843054004, 0.4999752197243087, 0.24999729729179723]
[0.634866236659268, 0.3200728971633889, 0.48391290849055113, 0.9591451742846533, 0.6352960707595311, 0.3186655980215061, 0.7961485032628647]
[0.8571371001820236, 0.9999903934642476, 0.7142804710283922, 0.9999899552123516, 0.42856601910021486]
[0.9999830539096243, 0.9999816942534977, 0.9999868625217437, 0.9999880979398053, 0.9999849512122149, 8.412090873671806e-17, 0.0, 0.9999843738580837, 0.999982256064434]
[0.8330347072812421, 0.999692151107532, 0.9996322302008217, 0.8330050812286633, 0.8330569424567058, 0.9996170908661342, 0.999585764416169, 0.6664425295329586, 0.8329973010618419]
[0.6665770868677182, 0.9998796004523789, 0.33330058502074206, 0.9999048642729078, 0.9998966549180469, 0.6666018279697937, 0.999882952200792, 0.666587859374646]
[0.999932757362195, 0.9999377878864724, 0.9999779260069409, 0.9999445724492136, 0.9999514495896796, 0.9999533408463059, 7.769931984167464e-17, 0.0]
[0.4246423800631722, 0.9901032714572763, 0.9910755244986404, 0.5672108648037523, 0.42546827527898157, 0.8494859883435018]
[0.9999070401052941, 0.49997228093126617, 0.9999104067236958, 0.9999236437456207, 0.49996101083105454, 0.9999017773298237, 0.4999323615749568]
[0.7499179548796373, 0.7499036389360256, 0.7499271283526487, 0.7500066731534455, 0.7499405923663603, 0.0, 0.7499749773409833, 0.9999739658330159]
[0.7476999568000968, 0.499503160268568, 0.24925008031342002, 0.9984660165304149, 0.7483389166031086, 0.7475020186869445, 0.7463007968313345]
[0.7995149585141688, 5.017925311091267e-16, 0.9993451202216584, 0.9996629560737532, 0.5996791425406599, 0.9994403321794313, 0.5995849817640188, 0.5996116380206056, 0.5996354479889096]
[0.9999987648118834, 0.9999989019134946, 0.9999986101081833, 0.9999984592736628, 2.2619095972121165e-17, 0.999998705197851]
[0.9999994061614562, 5.416630211268895e-17, 0.9999994061614528, 0.0, 0.9999992115534155, 0.9999998053919633, 0.9999992889293979]
[0.9947800408033356, 0.9945496284762338, 0.9945180934148395, 0.9945180934148398, 0.9945180934148398, 0.9945054126151883, 0.9946460062617632, 0.9946460062617632, 0.9946013289717011, 0.9946652921416291]
[0.8033951380630925, 0.6463894295171079, 0.4882229258050202, 0.6480987765300535, 0.32242789379169245, 0.8065917971737342, 0.32087545533932316]
[0.999909179466178, 0.9999012607751641, 0.9999116169826928, 0.9999102498248, 0.9999114071987314, 0.9999298688805075, 0.9998926689265666]
[0.59999596701812, 0.5999982775879462, 0.9999950995754837, 0.9999968548718059, 0.9999968548718057, 0.5999986074826315]
[0.9996479389006915, 0.6665438740890018, 0.66647485977336, 0.9998322231144624, 0.3332510794164816, 0.6664530838746306, 0.6665291076013489]
[0.9817561362349124, 0.33066524197384123, 0.6581599683734429, 0.8178622111165793, 0.825416838192945, 0.3280572610438197, 0.6616647660670769, 0.49987569377331353]
[0.6666624786176858, 0.9999944576416919, 0.6666626460984855, 0.9999938938761329, 0.6666630915268767, 0.666663115035275, 0.6666641540034913, 0.9999946512767798, 0.6666622702342159]
[0.9656123139835546, 0.3886466618602413, 0.3887341696228676, 0.38635142497161745, 0.96545221017177, 0.9719078067455017, 0.7750099808645652, 0.3870735893067087, 0.5819691661019628]
[0.999923965883403, 0.4999842310235657, 0.9999486186009645, 0.4999772635451885, 0.499957084188243, 0.499963189267898, 0.49996257790706594]
[0.491950686749363, 0.9838089330238294, 0.9838089330238294, 0.9843168437246188, 0.9846531402433623, 0.4927304557931664, 0.49227729459429553, 0.9836505254991804, 0.9836505254991805]
[5.927096849354386e-16, 0.5712393939530241, 0.5713085735122019, 0.9997984055590738, 0.8569393693264541, 0.42844088183500784, 0.42844088183500734]
[0.7499816265200299, 0.7499827332405675, 0.7499821519451382, 0.999976357049558, 0.24999398800294487, 0.4999922176425076]
[0.9999220186870452, 4.2515131502732917e-16, 0.9999268951121822, 0.9999237034417898, 0.9999403712014213, 0.9999299961052007, 0.9999431427075254, 0.9999308074664908, 0.9999375174852542, 0.9999379907238953]
[0.9999997269834595, 0.3333332946297351, 0.3333332567900197, 0.6666665839668005, 0.6666664919834883, 2.9702871539936858e-16]
[0.4999992004730712, 0.9999987272014697, 0.49999893644554483, 0.9999993326995505, 0.9999988649583399]
[0.9999795500050572, 0.0, 0.9998571095190757, 0.0, 0.0, 0.9998477806792622, 0.0, 0.9997646816230096]
[0.7409399770450198, 0.4924046053506257, 0.9855516946607428, 0.9863880244469833, 0.9882980285691304, 0.9882980285691303]
[0.4998479238199702, 0.9996391594574652, 0.7498154805992546, 0.24989341302046505, 0.9996607914548228, 0.9996363622875417, 0.49988016626232473, 0.4998444619215579]
[0.9241594869667712, 0.8862753229218082, 0.29248083355541227, 0.8639001026314711, 0.8808705345742099, 0.8808705345742102, 0.8919155870931821, 0.29383383848886274, 0.8800321894415395]
[0.9999999932249147, 6.5940738886676624e-15, 0.9999999932276862, 0.9999999849943734, 0.9999999827796993, 9.07508527910909e-25]
[0.6666666288732703, 0.6666666474747404, 0.33333332390052034, 0.9999999618425196, 0.9999999512515193, 0.0]
[2.6685687746351457e-16, 0.9999997820641116, 0.9999997161365909, 1.0325354190181777e-15, 0.9999996984478742, 0.9999998044854636, 0.9999997373380406, 3.562353796526697e-15]
[0.49924800365038113, 0.4994097550771118, 0.9986138645583902, 0.9987830980416371, 0.49931618786372534, 0.49923662206272706, 0.9986834684831425, 0.9985060397147877]
[0.9999985687010544, 0.9999990399685553, 0.4999996221358912, 0.49999938938628224, 0.4999995482334522, 0.49999929074519633, 0.4999994045878657, 0.49999928650752334, 0.0]
[0.6666651638606348, 0.33333282470867076, 0.999999518975887, 0.6666655137608798, 0.6666667716577931, 0.6666674559182143]
[9.283978117386459e-18, 3.710496880767181e-17, 0.9999999114837507, 0.9999999035038546, 1.0965237035468368e-16, 8.249698464561919e-17, 0.9999999593804455, 5.62946544224993e-16]
[0.9999995623541601, 0.9999995623541924, 0.9999995880933509, 0.9999995163834288, 4.049961358225359e-21, 0.9999995176318619, 0.999999617593503]
[0.49999967379229565, 0.7499993926809108, 0.9999991520986652, 0.4999997840566294, 0.9999992137247783, 0.9999993969463346]
[3.658997900205318e-17, 0.33333316607233165, 0.0, 0.6666658161559501, 0.0, 0.6666668339276689, 0.0, 0.9999991562756226, 0.3333321423314067]
[0.8814221350876256, 0.7425146520722327, 0.7326818461472008, 0.29452284366512005, 0.7390297233598696, 0.8808807824590598, 0.4674509207186045, 0.8730902721589245, 0.4437358013888509]
[9.477451975626542e-16, 0.9999998178200762, 0.9999997559699773, 0.9999998903355592, 0.9999998277503134, 0.9999998004677226, 0.9999998004677225]
[9.335546373548255e-17, 0.9999999806946663, 0.9999999882528515, 1.0573604699691652e-16, 1.0]
[0.24995451083457154, 0.999783833856358, 0.7498804102595779, 0.7498241900318582, 0.9998183340776959, 0.9998160506836778]
[0.45541196209000157, 0.896932791081008, 0.45282611809952605, 0.4486813378522438, 0.4536677215364228, 0.4509835569763345, 0.900768718419546, 0.4504905124234176, 0.45629854340420284, 0.4515365062701761]
[0.6666502642111826, 0.9999842673460898, 0.99997300329902, 0.9999782526755057, 0.6666510064585209, 0.6666510220229004, 0.6666485043471043, 0.6666504519391101, 0.666648856091422]

======Ground Truth====================
Ground Truth's Psi
[1.0, 1.0, 0.25, 0.5, 0.75, 0.5]
[1.0, 1.0, 1.0, 1.0, 0.0, 0.0, 0.0, 1.0, 1.0]
[1.0, 1.0, 1.0, 1.0, 1.0, 1.0, 1.0]
[1.0, 1.0, 0.0, 1.0, 1.0, 1.0, 1.0, 1.0, 0.0, 1.0]
[0.75, 1.0, 1.0, 0.5, 0.5]
[1.0, 1.0, 0.5, 1.0, 1.0, 0.5]
[0.3333333333333333, 0.8333333333333334, 1.0, 1.0, 0.6666666666666666, 0.3333333333333333, 0.3333333333333333]
[1.0, 0.6666666666666666, 0.8333333333333334, 0.6666666666666666, 0.6666666666666666]
[0.0, 1.0, 1.0, 1.0, 0.0]
[0.6, 0.6, 1.0, 0.6, 0.8, 1.0, 1.0]
[0.6666666666666666, 0.6666666666666666, 0.6666666666666666, 0.6666666666666666, 1.0, 0.6666666666666666, 1.0, 1.0, 0.3333333333333333, 0.3333333333333333]
[0.6666666666666666, 1.0, 0.6666666666666666, 0.6666666666666666, 0.5]
[1.0, 1.0, 0.8, 0.8, 1.0, 0.4, 0.8]
[1.0, 0.75, 0.75, 0.75, 1.0, 1.0, 0.75, 1.0]
[0.3333333333333333, 1.0, 0.6666666666666666, 1.0, 0.3333333333333333, 1.0, 0.0]
[1.0, 0.6666666666666666, 1.0, 1.0, 1.0]
[0.0, 1.0, 0.3333333333333333, 0.3333333333333333, 0.3333333333333333, 1.0, 0.3333333333333333, 1.0, 1.0]
[1.0, 1.0, 1.0, 0.5, 0.5, 0.5, 0.5, 1.0]
[0.0, 1.0, 0.0, 1.0, 1.0, 0.0, 0.0]
[0.5714285714285714, 0.0, 0.2857142857142857, 0.2857142857142857, 0.5714285714285714, 0.42857142857142855, 0.14285714285714285, 0.2857142857142857, 0.5714285714285714, 1.0]
[0.42857142857142855, 0.5714285714285714, 1.0, 1.0, 0.7142857142857143, 0.5714285714285714]
[0.6666666666666666, 1.0, 0.0, 1.0, 1.0, 0.6666666666666666, 0.6666666666666666, 1.0, 0.6666666666666666, 0.6666666666666666]
[1.0, 0.4, 1.0, 0.6, 1.0]
[0.0, 0.0, 0.0, 1.0, 1.0, 1.0, 1.0, 1.0]
[1.0, 1.0, 0.3333333333333333, 0.6666666666666666, 0.0, 1.0]
[1.0, 0.5, 0.16666666666666666, 0.5, 0.5, 0.5, 0.16666666666666666, 0.5, 0.3333333333333333]
[0.6666666666666666, 0.5, 0.5, 0.6666666666666666, 0.5, 0.8333333333333334, 0.8333333333333334, 1.0, 0.3333333333333333]
[1.0, 1.0, 1.0, 1.0, 0.5, 0.5, 1.0, 1.0, 0.5]
[0.8333333333333334, 0.5, 0.6666666666666666, 1.0, 0.6666666666666666, 1.0]
[0.6666666666666666, 0.3333333333333333, 0.0, 0.0, 1.0, 1.0, 0.0]
[1.0, 1.0, 1.0, 0.6666666666666666, 0.3333333333333333]
[0.42857142857142855, 1.0, 1.0, 0.42857142857142855, 0.7142857142857143]
[0.0, 1.0, 1.0, 1.0, 1.0, 1.0]
[1.0, 0.0, 0.0, 0.0, 0.0, 1.0, 0.0, 1.0, 0.0]
[0.2, 0.6, 0.4, 1.0, 0.6, 0.4, 0.6, 0.2, 1.0]
[0.5, 0.75, 0.75, 0.0, 0.5, 0.25, 0.5, 0.25, 0.5, 0.5]
[0.5, 1.0, 1.0, 1.0, 1.0]
[1.0, 1.0, 1.0, 0.0, 0.0]
[1.0, 0.0, 0.0, 1.0, 0.0, 1.0, 1.0, 0.0, 0.0]
[0.0, 0.0, 1.0, 0.0, 1.0, 1.0, 1.0]
[0.6666666666666666, 0.6666666666666666, 1.0, 0.6666666666666666, 0.6666666666666666, 0.6666666666666666, 0.6666666666666666, 0.6666666666666666]
[0.7142857142857143, 0.7142857142857143, 1.0, 0.7142857142857143, 0.42857142857142855, 0.7142857142857143, 1.0]
[0.75, 0.75, 0.75, 1.0, 1.0, 0.5, 0.75]
[0.4, 0.6, 0.4, 0.2, 0.8, 0.6, 1.0, 0.8, 1.0]
[0.6666666666666666, 0.8333333333333334, 0.5, 1.0, 0.5, 1.0, 1.0, 0.8333333333333334, 0.6666666666666666, 1.0]
[1.0, 1.0, 0.6, 0.6, 0.8]
[0.6666666666666666, 0.3333333333333333, 0.6666666666666666, 0.16666666666666666, 1.0, 1.0]
[0.0, 0.8, 0.8, 0.4, 0.2, 0.2, 0.8, 0.8, 0.8, 0.6]
[0.5, 1.0, 0.5, 0.5, 1.0, 1.0, 1.0, 0.5, 0.5]
[0.6, 0.4, 0.6, 0.2, 0.6, 0.8, 0.8, 0.6, 0.2, 0.2]
[1.0, 1.0, 0.5, 1.0, 0.5, 0.5]
[1.0, 1.0, 0.5, 0.25, 0.5, 0.25]
[0.6666666666666666, 0.3333333333333333, 0.5, 1.0, 0.6666666666666666, 0.3333333333333333, 0.8333333333333334]
[0.8571428571428571, 1.0, 0.7142857142857143, 1.0, 0.42857142857142855]
[1.0, 1.0, 1.0, 1.0, 1.0, 0.0, 0.0, 1.0, 1.0]
[0.8333333333333334, 1.0, 1.0, 0.8333333333333334, 0.8333333333333334, 1.0, 1.0, 0.6666666666666666, 0.8333333333333334]
[0.6666666666666666, 1.0, 0.3333333333333333, 1.0, 1.0, 0.6666666666666666, 1.0, 0.6666666666666666]
[1.0, 1.0, 1.0, 1.0, 1.0, 1.0, 0.0, 0.0]
[0.42857142857142855, 1.0, 1.0, 0.5714285714285714, 0.42857142857142855, 0.8571428571428571]
[1.0, 0.5, 1.0, 1.0, 0.5, 1.0, 0.5]
[0.75, 0.75, 0.75, 0.75, 0.75, 0.0, 0.75, 1.0]
[0.75, 0.5, 0.25, 1.0, 0.75, 0.75, 0.75]
[0.8, 0.0, 1.0, 1.0, 0.6, 1.0, 0.6, 0.6, 0.6]
[1.0, 1.0, 1.0, 1.0, 0.0, 1.0]
[1.0, 0.0, 1.0, 0.0, 1.0, 1.0, 1.0]
[1.0, 1.0, 1.0, 1.0, 1.0, 1.0, 1.0, 1.0, 1.0, 1.0]
[0.8333333333333334, 0.6666666666666666, 0.5, 0.6666666666666666, 0.3333333333333333, 0.8333333333333334, 0.3333333333333333]
[1.0, 1.0, 1.0, 1.0, 1.0, 1.0, 1.0]
[0.6, 0.6, 1.0, 1.0, 1.0, 0.6]
[1.0, 0.6666666666666666, 0.6666666666666666, 1.0, 0.3333333333333333, 0.6666666666666666, 0.6666666666666666]
[1.0, 0.3333333333333333, 0.6666666666666666, 0.8333333333333334, 0.8333333333333334, 0.3333333333333333, 0.6666666666666666, 0.5]
[0.6666666666666666, 1.0, 0.6666666666666666, 1.0, 0.6666666666666666, 0.6666666666666666, 0.6666666666666666, 1.0, 0.6666666666666666]
[1.0, 0.4, 0.4, 0.4, 1.0, 1.0, 0.8, 0.4, 0.6]
[1.0, 0.5, 1.0, 0.5, 0.5, 0.5, 0.5]
[0.5, 1.0, 1.0, 1.0, 1.0, 0.5, 0.5, 1.0, 1.0]
[0.0, 0.5714285714285714, 0.5714285714285714, 1.0, 0.8571428571428571, 0.42857142857142855, 0.42857142857142855]
[0.75, 0.75, 0.75, 1.0, 0.25, 0.5]
[1.0, 0.0, 1.0, 1.0, 1.0, 1.0, 1.0, 1.0, 1.0, 1.0]
[1.0, 0.3333333333333333, 0.3333333333333333, 0.6666666666666666, 0.6666666666666666, 0.0]
[0.5, 1.0, 0.5, 1.0, 1.0]
[1.0, 0.0, 1.0, 0.0, 0.0, 1.0, 0.0, 1.0]
[0.75, 0.5, 1.0, 1.0, 1.0, 1.0]
[0.5, 1.0, 0.75, 0.25, 1.0, 1.0, 0.5, 0.5]
[1.0, 1.0, 0.3333333333333333, 1.0, 1.0, 1.0, 1.0, 0.3333333333333333, 1.0]
[1.0, 0.0, 1.0, 1.0, 1.0, 0.0]
[0.6666666666666666, 0.6666666666666666, 0.3333333333333333, 1.0, 1.0, 0.0]
[0.0, 1.0, 1.0, 0.0, 1.0, 1.0, 1.0, 0.0]
[0.5, 0.5, 1.0, 1.0, 0.5, 0.5, 1.0, 1.0]
[1.0, 1.0, 0.5, 0.5, 0.5, 0.5, 0.5, 0.5, 0.0]
[0.6666666666666666, 0.3333333333333333, 1.0, 0.6666666666666666, 0.6666666666666666, 0.6666666666666666]
[0.0, 0.0, 1.0, 1.0, 0.0, 0.0, 1.0, 0.0]
[1.0, 1.0, 1.0, 1.0, 0.0, 1.0, 1.0]
[0.5, 0.75, 1.0, 0.5, 1.0, 1.0]
[0.0, 0.3333333333333333, 0.0, 0.6666666666666666, 0.0, 0.6666666666666666, 0.0, 1.0, 0.3333333333333333]
[1.0, 0.8333333333333334, 0.8333333333333334, 0.3333333333333333, 0.8333333333333334, 1.0, 0.5, 1.0, 0.5]
[0.0, 1.0, 1.0, 1.0, 1.0, 1.0, 1.0]
[0.0, 1.0, 1.0, 0.0, 1.0]
[0.25, 1.0, 0.75, 0.75, 1.0, 1.0]
[0.5, 1.0, 0.5, 0.5, 0.5, 0.5, 1.0, 0.5, 0.5, 0.5]
[0.6666666666666666, 1.0, 1.0, 1.0, 0.6666666666666666, 0.6666666666666666, 0.6666666666666666, 0.6666666666666666, 0.6666666666666666]

======Evaluation============
RMSE:
0.0306639762867
Time: 3627.770462551726s
Wrote profile results to SolverPipeline.py.lprof
Timer unit: 2.56593e-07 s

Total time: 160.239 s
File: E:\Github\PSIEstimation\proj\src\EMAlgorithm.py
Function: eStep at line 182

Line #      Hits         Time  Per Hit   % Time  Line Contents
==============================================================
   182                                               @profile
   183                                               def eStep(self):
   184         3            7      2.3      0.0          tot = []
   185    394452       604080      1.5      0.1          for s in range(self.NW):
   186    394449       710169      1.8      0.1              tot.append(0)
   187    394479      1050817      2.7      0.2          for loca in self.MuNonZero:
   188    394476       792235      2.0      0.1              s = loca[0]
   189    394476       713857      1.8      0.1              g = loca[1]
   190                                                       #self.Mu[s, g] = self.Z[0, g] * self.Tau[s, self.NXSUM[g]:self.NXSUM[g+1]].dot(self.X[g].T)[0, 0]
   191    394476    576803051   1462.2     92.4              self.Mu[s, g] = self.Z[0, g] * self.Tau[g][s,].dot(self.X[g].T)[0, 0]
   192                                                       
   193    394476     16864213     42.8      2.7              tot[s] += self.Mu[s, g]
   194    394479       857266      2.2      0.1          for loca in self.MuNonZero:
   195    394476       698561      1.8      0.1              s = loca[0]
   196    394476       675272      1.7      0.1              g = loca[1]
   197    394476     24675117     62.6      4.0              self.Mu[s, g] /= tot[s]
   198         3        42040  14013.3      0.0          print(self.Z)
   199         3           14      4.7      0.0          return

Total time: 3135.53 s
File: E:\Github\PSIEstimation\proj\src\EMAlgorithm.py
Function: mStep at line 201

Line #      Hits         Time  Per Hit   % Time  Line Contents
==============================================================
   201                                               @profile
   202                                               def mStep(self, t):
   203         4           26      6.5      0.0          tot = 0.0
   204       404         2114      5.2      0.0          for g in range(self.NG):
   205       400    647919793 1619799.5      5.3              self.Z[0, g] = self.Mu[:,g].T.dot(self.W.T)
   206       400        13513     33.8      0.0              tot += self.Z[0, g]
   207       404          733      1.8      0.0          for g in range(self.NG):
   208       400         1238      3.1      0.0              self.Z[0, g] /= tot
   209                                            
   210       404         3288      8.1      0.0          for g in range(self.NG):
   211       400  11571926866 28929817.2     94.7              self.optimizeQ(g, t)
   212         4            9      2.2      0.0          return

Total time: 3600.33 s
File: E:\Github\PSIEstimation\proj\src\EMAlgorithm.py
Function: work at line 348

Line #      Hits         Time  Per Hit   % Time  Line Contents
==============================================================
   348                                               @profile
   349                                               def work(self, time):
   350         1       618118 618118.0      0.0          self.initialVariables()
   351                                                           
   352                                                   #=======================================================================
   353                                                   # res = self.optimizeLikelihood()        
   354                                                   # print(res)
   355                                                   # self.X[0] = np.matrix(res.x)
   356                                                   #=======================================================================
   357         1           80     80.0      0.0          prevZ = self.Z.copy()
   358         1        12143  12143.0      0.0          print(self.Z)
   359         1            4      4.0      0.0          proc = 0
   360         3            8      2.7      0.0          while proc < time:
   361         3           11      3.7      0.0              if proc % 1 == 0:
   362         3           99     33.0      0.0                  print('\n\n+++++' + str(proc) + ' iteration processed...')
   363         3            8      2.7      0.0              proc += 1
   364         3    632032419 210677473.0      4.5              self.eStep()
   365         3   1178612597 392870865.7      8.4              self.offlineProcess()
   366         3   4712091123 1570697041.0     33.6              self.mStep(3)
   367         3           26      8.7      0.0              print('Comparing Z...')
   368         3        38752  12917.3      0.0              print(prevZ)
   369         3        42095  14031.7      0.0              print(self.Z)
   370         3          271     90.3      0.0              if (np.fabs(self.Z-prevZ) < 1e-5).all():
   371         1           76     76.0      0.0                  print('\nConverged!\n')
   372         1            3      3.0      0.0                  break 
   373                                                       else:
   374         2           22     11.0      0.0                  prevZ = self.Z.copy()
   375         1   7507789092 7507789092.0     53.5          self.mStep(20)
   376         1        84131  84131.0      0.0          self.computePSI()
   377         1            7      7.0      0.0          return

