CTCGTCAAAATTAGAACAATTTCCA	10	0-0,1;
TGCTCGGGTGAGGTAGTCGTAGTCT	10	0-2-3,1;
AATAAGAATGTCGTTCCACGGGATA	10	0-3,1;
ACGGCTCGTCAAAATTAGAACAATT	10	0-0,1;
TGTACGGCTCGTCAAAATTAGAACA	10	0-0,1;
CCGGAATTTGAGCTCATGCGACATC	10	0-3,1;
ACAATGTCTTGGCTCTTAGCCCTGC	10	0-3,1;
CTTGGCTCTTAGCCCTGCTGAATAA	10	0-3,1;
CCTATTCGTGGCTACGACACTTTAT	10	0-1,1;
GAACAATTTCCAACCACTCTCGCCC	10	0-0-1,1;
CGTAAACTCCCCTACTCAGACAGAA	10	0-2,1;
CACGGGATATTCTTCCGCAATGCGA	10	0-3,1;
TATAAGGAGCTCAAGTGATGGCATT	10	0-2,1;
AGTCGTAGTCTGCCGAACAATGTCT	10	0-3,1;
AATTGGCAGCTGTACGGCTCGTCAA	10	0-0,1;
TTCTATATGTAACTACGTCATAACT	10	0-3,1;
TAACCCGTCAAAAACCAAGGACTTG	10	0-1-2,1;
TAGCCCTGCTGAATAAGAATGTCGT	10	0-3,1;
ACGACACTTTATCTGGCAGACGCGA	10	0-1,1;
ACCACTCTCGCCCAACTCTCAAGAG	10	0-0-1,1;
CGTGGTGCGACAATTTTAACGGAGC	10	0-2,1;
TTGGCAGCTGTACGGCTCGTCAAAA	10	0-0,1;
TCGAGCGCTGATAGTCCCACTGCGG	10	0-2,1;
GTGGCTACGACACTTTATCTGGCAG	10	0-1,1;
TCGCCCAACTCTCAAGAGCTCAATT	10	0-0-1,1;
ACTCAGACAGAACTGCTCGGGTGAG	10	0-2,1;
ATTCGTGGCTACGACACTTTATCTG	10	0-1,1;
AGTCCCACTGCGGCTTATAAGGAGC	10	0-2,1;
GATGGCATTCGTAAACTCCCCTACT	10	0-2,1;
TCTTGGGTTTAACCCGTCAAAAACC	10	0-1,1;
AGTCGCACGCGCATTTTGACGGCTC	10	0-1,1;
TAGTAAATTGGCAGCTGTACGGCTC	10	0-0,1;
CAACCACTCTCGCCCAACTCTCAAG	10	0-0-1,1;
CCGATCGAGCGCTGATAGTCCCACT	10	0-2,1;
GTCGTTCCACGGGATATTCTTCCGC	10	0-3,1;
GCAGCTGTACGGCTCGTCAAAATTA	10	0-0,1;
CTCCCCTACTCAGACAGAACTGCTC	10	0-2,1;
TTTGACGGCTCTTGGGTTTAACCCG	10	0-1,1;
TCCAACCACTCTCGCCCAACTCTCA	10	0-0-1,1;
GGAGCTGAACCGATCGAGCGCTGAT	10	0-2,1;
GTAAACTCCCCTACTCAGACAGAAC	10	0-2,1;
CGACCTAAAGTTCCTGGATTCCCAT	10	0-0,1;
TATCTGGCAGACGCGACAGTCGCAC	10	0-1,1;
CCATTCAGATGTACCTACTCTACAT	10	0-0,1;
CTACATAGTAAATTGGCAGCTGTAC	10	0-0,1;
CTTCTTCCGGAATTTGAGCTCATGC	10	0-3,1;
TGGATTCCCATTCAGATGTACCTAC	10	0-0,1;
CTGCGGCTTATAAGGAGCTCAAGTG	10	0-2,1;
CCTACTCTACATAGTAAATTGGCAG	10	0-0,1;
CGCATTTTGACGGCTCTTGGGTTTA	10	0-1,1;
TTCCACGGGATATTCTTCCGCAATG	10	0-3,1;
TGTAACTACGTCATAACTTCTTCCG	10	0-3,1;
CAATTTCCTATCAACCTATTCGTGG	10	0-1,1;
ATTTCCTATCAACCTATTCGTGGCT	10	0-1,1;
CACTTTATCTGGCAGACGCGACAGT	10	0-1,1;
CACTCTCGCCCAACTCTCAAGAGCT	10	0-0-1,1;
GGTTTAACCCGTCAAAAACCAAGGA	10	0-1-2,1;
GCGACATAGTTGGCGATGTTGAGGT	10	0-3,1;
ATGTAACTACGTCATAACTTCTTCC	10	0-3,1;
CAATTTTAACGGAGCTGAACCGATC	10	0-2,1;
CTCAAGAGCTCAATTTCCTATCAAC	10	0-1,1;
TCTTCCGGAATTTGAGCTCATGCGA	10	0-3,1;
CTGAATAAGAATGTCGTTCCACGGG	10	0-3,1;
TACTCTACATAGTAAATTGGCAGCT	10	0-0,1;
TAACTTCTTCCGGAATTTGAGCTCA	10	0-3,1;
AGCCCTGCTGAATAAGAATGTCGTT	10	0-3,1;
TCGTCAAAATTAGAACAATTTCCAA	10	0-0,1;
CCTGCTGAATAAGAATGTCGTTCCA	10	0-3,1;
GGCTTATAAGGAGCTCAAGTGATGG	10	0-2,1;
TGCGGCTTATAAGGAGCTCAAGTGA	10	0-2,1;
ACTTTATCTGGCAGACGCGACAGTC	10	0-1,1;
TGCGACATAGTTGGCGATGTTGAGG	10	0-3,1;
CAAGTGATGGCATTCGTAAACTCCC	10	0-2,1;
TATTCGTGGCTACGACACTTTATCT	10	0-1,1;
AAGAATGTCGTTCCACGGGATATTC	10	0-3,1;
ACATAGTAAATTGGCAGCTGTACGG	10	0-0,1;
TAGTCTGCCGAACAATGTCTTGGCT	10	0-3,1;
CGGCTTATAAGGAGCTCAAGTGATG	10	0-2,1;
TGAGGTTCTATATGTAACTACGTCA	10	0-3,1;
AAGTTCCTGGATTCCCATTCAGATG	10	0-0,1;
ACTCCCCTACTCAGACAGAACTGCT	10	0-2,1;
AAACCAAGGACTTGGAACGCTACGT	10	0-1-2,1;
CTCTTGGGTTTAACCCGTCAAAAAC	10	0-1,1;
ATGTCGTTCCACGGGATATTCTTCC	10	0-3,1;
ACGTGGTGCGACAATTTTAACGGAG	10	0-2,1;
CAATGTCTTGGCTCTTAGCCCTGCT	10	0-3,1;
GATGTACCTACTCTACATAGTAAAT	10	0-0,1;
ACTCTCGCCCAACTCTCAAGAGCTC	10	0-0-1,1;
TTCTTCCGGAATTTGAGCTCATGCG	10	0-3,1;
CGACAATTTTAACGGAGCTGAACCG	10	0-2,1;
CTACTCAGACAGAACTGCTCGGGTG	10	0-2,1;
GCTCAATTTCCTATCAACCTATTCG	10	0-1,1;
GGGTGAGGTAGTCGTAGTCTGCCGA	10	0-2-3,1;
AAAATTAGAACAATTTCCAACCACT	10	0-0,1;
GTTGAGGTTCTATATGTAACTACGT	10	0-3,1;
AGGTAGTCGTAGTCTGCCGAACAAT	10	0-2-3,1;
CAGAACTGCTCGGGTGAGGTAGTCG	10	0-2-3,1;
GTAGTCTGCCGAACAATGTCTTGGC	10	0-3,1;
TTTTGACGGCTCTTGGGTTTAACCC	10	0-1,1;
TACCTACTCTACATAGTAAATTGGC	10	0-0,1;
CCCTGCTGAATAAGAATGTCGTTCC	10	0-3,1;
GAACTGCTCGGGTGAGGTAGTCGTA	10	0-2-3,1;
CTTGGAACGCTACGTGGTGCGACAA	10	0-2,1;
CATAACTTCTTCCGGAATTTGAGCT	10	0-3,1;
ACCTAAAGTTCCTGGATTCCCATTC	10	0-0,1;
TTAACCCGTCAAAAACCAAGGACTT	10	0-1-2,1;
CGCTACGTGGTGCGACAATTTTAAC	10	0-2,1;
CGTCAAAAACCAAGGACTTGGAACG	10	0-1-2,1;
ACAATTTCCAACCACTCTCGCCCAA	10	0-0-1,1;
ATTGGCAGCTGTACGGCTCGTCAAA	10	0-0,1;
TAGTTGGCGATGTTGAGGTTCTATA	10	0-3,1;
AAAAACCAAGGACTTGGAACGCTAC	10	0-1-2,1;
GGCTCTTGGGTTTAACCCGTCAAAA	10	0-1,1;
GTGGTGCGACAATTTTAACGGAGCT	10	0-2,1;
AGAGCTCAATTTCCTATCAACCTAT	10	0-1,1;
CTGCCGAACAATGTCTTGGCTCTTA	10	0-3,1;
TCCGCAATGCGACATAGTTGGCGAT	10	0-3,1;
GTCAAAAACCAAGGACTTGGAACGC	10	0-1-2,1;
GTCATAACTTCTTCCGGAATTTGAG	10	0-3,1;
CTCAAGTGATGGCATTCGTAAACTC	10	0-2,1;
TTATAAGGAGCTCAAGTGATGGCAT	10	0-2,1;
GTCTTGGCTCTTAGCCCTGCTGAAT	10	0-3,1;
TTCCGCAATGCGACATAGTTGGCGA	10	0-3,1;
GCAGACGCGACAGTCGCACGCGCAT	10	0-1,1;
CGGCTCGTCAAAATTAGAACAATTT	10	0-0,1;
GTTTAACCCGTCAAAAACCAAGGAC	10	0-1-2,1;
CGCACGCGCATTTTGACGGCTCTTG	10	0-1,1;
GACAGTCGCACGCGCATTTTGACGG	10	0-1,1;
GAACGCTACGTGGTGCGACAATTTT	10	0-2,1;
AACTGCTCGGGTGAGGTAGTCGTAG	10	0-2-3,1;
GATATTCTTCCGCAATGCGACATAG	10	0-3,1;
GACATAGTTGGCGATGTTGAGGTTC	10	0-3,1;
GTACCTACTCTACATAGTAAATTGG	10	0-0,1;
CCTATCAACCTATTCGTGGCTACGA	10	0-1,1;
CTCAATTTCCTATCAACCTATTCGT	10	0-1,1;
TGGCTCTTAGCCCTGCTGAATAAGA	10	0-3,1;
GTGCGACAATTTTAACGGAGCTGAA	10	0-2,1;
GGTAGTCGTAGTCTGCCGAACAATG	10	0-2-3,1;
GAGGTAGTCGTAGTCTGCCGAACAA	10	0-2-3,1;
CGACATAGTTGGCGATGTTGAGGTT	10	0-3,1;
TTTATCTGGCAGACGCGACAGTCGC	10	0-1,1;
AGTAAATTGGCAGCTGTACGGCTCG	10	0-0,1;
ACAGTCGCACGCGCATTTTGACGGC	10	0-1,1;
TGGAACGCTACGTGGTGCGACAATT	10	0-2,1;
CGTCATAACTTCTTCCGGAATTTGA	10	0-3,1;
GTCAAAATTAGAACAATTTCCAACC	10	0-0,1;
TTATCTGGCAGACGCGACAGTCGCA	10	0-1,1;
CAAAAACCAAGGACTTGGAACGCTA	10	0-1-2,1;
GAGCTCAATTTCCTATCAACCTATT	10	0-1,1;
TCTATATGTAACTACGTCATAACTT	10	0-3,1;
CTGCTCGGGTGAGGTAGTCGTAGTC	10	0-2-3,1;
TAAGGAGCTCAAGTGATGGCATTCG	10	0-2,1;
TGGCATTCGTAAACTCCCCTACTCA	10	0-2,1;
CTTCCGCAATGCGACATAGTTGGCG	10	0-3,1;
GCTACGTGGTGCGACAATTTTAACG	10	0-2,1;
GGGATATTCTTCCGCAATGCGACAT	10	0-3,1;
TTAGCCCTGCTGAATAAGAATGTCG	10	0-3,1;
TGGGTTTAACCCGTCAAAAACCAAG	10	0-1-2,1;
CATAGTAAATTGGCAGCTGTACGGC	10	0-0,1;
ATGTACCTACTCTACATAGTAAATT	10	0-0,1;
CGAACAATGTCTTGGCTCTTAGCCC	10	0-3,1;
TACTCAGACAGAACTGCTCGGGTGA	10	0-2,1;
GAACCGATCGAGCGCTGATAGTCCC	10	0-2,1;
ATTCCCATTCAGATGTACCTACTCT	10	0-0,1;
ATAGTAAATTGGCAGCTGTACGGCT	10	0-0,1;
GCATTCGTAAACTCCCCTACTCAGA	10	0-2,1;
GAACAATGTCTTGGCTCTTAGCCCT	10	0-3,1;
AATGTCTTGGCTCTTAGCCCTGCTG	10	0-3,1;
CTCAGACAGAACTGCTCGGGTGAGG	10	0-2-3,1;
CCGCAATGCGACATAGTTGGCGATG	10	0-3,1;
CCCACTGCGGCTTATAAGGAGCTCA	10	0-2,1;
CTATCAACCTATTCGTGGCTACGAC	10	0-1,1;
AGTCTGCCGAACAATGTCTTGGCTC	10	0-3,1;
TAACTACGTCATAACTTCTTCCGGA	10	0-3,1;
GCGACAATTTTAACGGAGCTGAACC	10	0-2,1;
ACATAGTTGGCGATGTTGAGGTTCT	10	0-3,1;
CGTCAAAATTAGAACAATTTCCAAC	10	0-0,1;
TAAACTCCCCTACTCAGACAGAACT	10	0-2,1;
GGTGAGGTAGTCGTAGTCTGCCGAA	10	0-2-3,1;
CAAGAGCTCAATTTCCTATCAACCT	10	0-1,1;
GGCTACGACACTTTATCTGGCAGAC	10	0-1,1;
GTACGGCTCGTCAAAATTAGAACAA	10	0-0,1;
AGCGCTGATAGTCCCACTGCGGCTT	10	0-2,1;
CTATTCGTGGCTACGACACTTTATC	10	0-1,1;
GCGACAGTCGCACGCGCATTTTGAC	10	0-1,1;
TACGTGGTGCGACAATTTTAACGGA	10	0-2,1;
ACGGGATATTCTTCCGCAATGCGAC	10	0-3,1;
CTTGGGTTTAACCCGTCAAAAACCA	10	0-1-2,1;
TTGACGGCTCTTGGGTTTAACCCGT	10	0-1,1;
CTGGCAGACGCGACAGTCGCACGCG	10	0-1,1;
ATTTTGACGGCTCTTGGGTTTAACC	10	0-1,1;
GCGATGTTGAGGTTCTATATGTAAC	10	0-3,1;
ATGCGACATAGTTGGCGATGTTGAG	10	0-3,1;
TCCCACTGCGGCTTATAAGGAGCTC	10	0-2,1;
TGCTGAATAAGAATGTCGTTCCACG	10	0-3,1;
AGGACTTGGAACGCTACGTGGTGCG	10	0-2,1;
AACCCGTCAAAAACCAAGGACTTGG	10	0-1-2,1;
AGCTGAACCGATCGAGCGCTGATAG	10	0-2,1;
CCACTGCGGCTTATAAGGAGCTCAA	10	0-2,1;
TTTTAACGGAGCTGAACCGATCGAG	10	0-2,1;
CTGATAGTCCCACTGCGGCTTATAA	10	0-2,1;
ACGTCATAACTTCTTCCGGAATTTG	10	0-3,1;
TGAGGTAGTCGTAGTCTGCCGAACA	10	0-2-3,1;
GACAGAACTGCTCGGGTGAGGTAGT	10	0-2-3,1;
GGAGCTCAAGTGATGGCATTCGTAA	10	0-2,1;
TAGAACAATTTCCAACCACTCTCGC	10	0-0-1,1;
GAGCTGAACCGATCGAGCGCTGATA	10	0-2,1;
CTCTACATAGTAAATTGGCAGCTGT	10	0-0,1;
CATTTTGACGGCTCTTGGGTTTAAC	10	0-1,1;
TACGGCTCGTCAAAATTAGAACAAT	10	0-0,1;
TGTCTTGGCTCTTAGCCCTGCTGAA	10	0-3,1;
AGATGTACCTACTCTACATAGTAAA	10	0-0,1;
AACGGAGCTGAACCGATCGAGCGCT	10	0-2,1;
TCCGGAATTTGAGCTCATGCGACAT	10	0-3,1;
AACAATGTCTTGGCTCTTAGCCCTG	10	0-3,1;
TGACGGCTCTTGGGTTTAACCCGTC	10	0-1,1;
GATAGTCCCACTGCGGCTTATAAGG	10	0-2,1;
GCTGTACGGCTCGTCAAAATTAGAA	10	0-0,1;
AAGGACTTGGAACGCTACGTGGTGC	10	0-2,1;
CCGAACAATGTCTTGGCTCTTAGCC	10	0-3,1;
TCTACATAGTAAATTGGCAGCTGTA	10	0-0,1;
GTCGTAGTCTGCCGAACAATGTCTT	10	0-3,1;
TTCTTCCGCAATGCGACATAGTTGG	10	0-3,1;
TTTCCAACCACTCTCGCCCAACTCT	10	0-0-1,1;
CAGACGCGACAGTCGCACGCGCATT	10	0-1,1;
CCACGGGATATTCTTCCGCAATGCG	10	0-3,1;
ATTCTTCCGCAATGCGACATAGTTG	10	0-3,1;
ATTAGAACAATTTCCAACCACTCTC	10	0-0-1,1;
CCCTACTCAGACAGAACTGCTCGGG	10	0-2,1;
GGCTCTTAGCCCTGCTGAATAAGAA	10	0-3,1;
CGAGCGCTGATAGTCCCACTGCGGC	10	0-2,1;
ACCGATCGAGCGCTGATAGTCCCAC	10	0-2,1;
GGAACGCTACGTGGTGCGACAATTT	10	0-2,1;
GCAATGCGACATAGTTGGCGATGTT	10	0-3,1;
CTATATGTAACTACGTCATAACTTC	10	0-3,1;
ATAAGAATGTCGTTCCACGGGATAT	10	0-3,1;
TTGGCGATGTTGAGGTTCTATATGT	10	0-3,1;
CGCTGATAGTCCCACTGCGGCTTAT	10	0-2,1;
ATATGTAACTACGTCATAACTTCTT	10	0-3,1;
AGAACTGCTCGGGTGAGGTAGTCGT	10	0-2-3,1;
GCGGCTTATAAGGAGCTCAAGTGAT	10	0-2,1;
GACGGCTCTTGGGTTTAACCCGTCA	10	0-1,1;
TTCGTGGCTACGACACTTTATCTGG	10	0-1,1;
GACCTAAAGTTCCTGGATTCCCATT	10	0-0,1;
GTCCCACTGCGGCTTATAAGGAGCT	10	0-2,1;
CGACAGTCGCACGCGCATTTTGACG	10	0-1,1;
TTCCAACCACTCTCGCCCAACTCTC	10	0-0-1,1;
AACGCTACGTGGTGCGACAATTTTA	10	0-2,1;
GGCTCGTCAAAATTAGAACAATTTC	10	0-0,1;
TGGCAGCTGTACGGCTCGTCAAAAT	10	0-0,1;
GCGCATTTTGACGGCTCTTGGGTTT	10	0-1,1;
CTAAAGTTCCTGGATTCCCATTCAG	10	0-0,1;
ACTCTCAAGAGCTCAATTTCCTATC	10	0-1,1;
CCCCTACTCAGACAGAACTGCTCGG	10	0-2,1;
CTGTACGGCTCGTCAAAATTAGAAC	10	0-0,1;
GTAACTACGTCATAACTTCTTCCGG	10	0-3,1;
CTTCCGGAATTTGAGCTCATGCGAC	10	0-3,1;
TCAACCTATTCGTGGCTACGACACT	10	0-1,1;
GATTCCCATTCAGATGTACCTACTC	10	0-0,1;
AACTCCCCTACTCAGACAGAACTGC	10	0-2,1;
CACGCGCATTTTGACGGCTCTTGGG	10	0-1,1;
GTAGTCGTAGTCTGCCGAACAATGT	10	0-3,1;
TACATAGTAAATTGGCAGCTGTACG	10	0-0,1;
TTCGTAAACTCCCCTACTCAGACAG	10	0-2,1;
AATTTCCTATCAACCTATTCGTGGC	10	0-1,1;
CTTTATCTGGCAGACGCGACAGTCG	10	0-1,1;
CTACGTGGTGCGACAATTTTAACGG	10	0-2,1;
CAATGCGACATAGTTGGCGATGTTG	10	0-3,1;
GTAAATTGGCAGCTGTACGGCTCGT	10	0-0,1;
TTCAGATGTACCTACTCTACATAGT	10	0-0,1;
GAGGTTCTATATGTAACTACGTCAT	10	0-3,1;
TATTCTTCCGCAATGCGACATAGTT	10	0-3,1;
AAATTGGCAGCTGTACGGCTCGTCA	10	0-0,1;
ATAAGGAGCTCAAGTGATGGCATTC	10	0-2,1;
CGCGCATTTTGACGGCTCTTGGGTT	10	0-1,1;
AGACAGAACTGCTCGGGTGAGGTAG	10	0-2-3,1;
TCGTTCCACGGGATATTCTTCCGCA	10	0-3,1;
AACCAAGGACTTGGAACGCTACGTG	10	0-1-2,1;
GCCGAACAATGTCTTGGCTCTTAGC	10	0-3,1;
CCAAGGACTTGGAACGCTACGTGGT	10	0-1-2,1;
ATAGTTGGCGATGTTGAGGTTCTAT	10	0-3,1;
ATGTCTTGGCTCTTAGCCCTGCTGA	10	0-3,1;
ACGCGACAGTCGCACGCGCATTTTG	10	0-1,1;
CTCGCCCAACTCTCAAGAGCTCAAT	10	0-0-1,1;
TTGGAACGCTACGTGGTGCGACAAT	10	0-2,1;
ACTGCTCGGGTGAGGTAGTCGTAGT	10	0-2-3,1;
CATAGTTGGCGATGTTGAGGTTCTA	10	0-3,1;
CCAACCACTCTCGCCCAACTCTCAA	10	0-0-1,1;
CGTAGTCTGCCGAACAATGTCTTGG	10	0-3,1;
AGGAGCTCAAGTGATGGCATTCGTA	10	0-2,1;
CGACACTTTATCTGGCAGACGCGAC	10	0-1,1;
CCGTCAAAAACCAAGGACTTGGAAC	10	0-1-2,1;
ACTTGGAACGCTACGTGGTGCGACA	10	0-2,1;
GAATAAGAATGTCGTTCCACGGGAT	10	0-3,1;
CATTCGTAAACTCCCCTACTCAGAC	10	0-2,1;
TCAGATGTACCTACTCTACATAGTA	10	0-0,1;
GCTCTTAGCCCTGCTGAATAAGAAT	10	0-3,1;
CTGCTGAATAAGAATGTCGTTCCAC	10	0-3,1;
ACCAAGGACTTGGAACGCTACGTGG	10	0-1-2,1;
CAACCTATTCGTGGCTACGACACTT	10	0-1,1;
AACTCTCAAGAGCTCAATTTCCTAT	10	0-1,1;
GGATTCCCATTCAGATGTACCTACT	10	0-0,1;
GATGTTGAGGTTCTATATGTAACTA	10	0-3,1;
GAGCGCTGATAGTCCCACTGCGGCT	10	0-2,1;
GCCCTGCTGAATAAGAATGTCGTTC	10	0-3,1;
CTTAGCCCTGCTGAATAAGAATGTC	10	0-3,1;
TCGTGGCTACGACACTTTATCTGGC	10	0-1,1;
TGATAGTCCCACTGCGGCTTATAAG	10	0-2,1;
TGATGGCATTCGTAAACTCCCCTAC	10	0-2,1;
TGTTGAGGTTCTATATGTAACTACG	10	0-3,1;
AACTACGTCATAACTTCTTCCGGAA	10	0-3,1;
TCGTAAACTCCCCTACTCAGACAGA	10	0-2,1;
TATATGTAACTACGTCATAACTTCT	10	0-3,1;
AACCACTCTCGCCCAACTCTCAAGA	10	0-0-1,1;
AAACTCCCCTACTCAGACAGAACTG	10	0-2,1;
AACAATTTCCAACCACTCTCGCCCA	10	0-0-1,1;
AAAGTTCCTGGATTCCCATTCAGAT	10	0-0,1;
CTCTTAGCCCTGCTGAATAAGAATG	10	0-3,1;
AGTTCCTGGATTCCCATTCAGATGT	10	0-0,1;
ACCCGTCAAAAACCAAGGACTTGGA	10	0-1-2,1;
ACTACGTCATAACTTCTTCCGGAAT	10	0-3,1;
ATATTCTTCCGCAATGCGACATAGT	10	0-3,1;
TGGCGATGTTGAGGTTCTATATGTA	10	0-3,1;
TTAGAACAATTTCCAACCACTCTCG	10	0-0-1,1;
CGATGTTGAGGTTCTATATGTAACT	10	0-3,1;
GTTCCTGGATTCCCATTCAGATGTA	10	0-0,1;
GACTTGGAACGCTACGTGGTGCGAC	10	0-2,1;
TGAACCGATCGAGCGCTGATAGTCC	10	0-2,1;
AAGAGCTCAATTTCCTATCAACCTA	10	0-1,1;
TTGGCTCTTAGCCCTGCTGAATAAG	10	0-3,1;
CTCTCAAGAGCTCAATTTCCTATCA	10	0-1,1;
GTCTGCCGAACAATGTCTTGGCTCT	10	0-3,1;
TCTCAAGAGCTCAATTTCCTATCAA	10	0-1,1;
TAAATTGGCAGCTGTACGGCTCGTC	10	0-0,1;
GAATGTCGTTCCACGGGATATTCTT	10	0-3,1;
TTCCCATTCAGATGTACCTACTCTA	10	0-0,1;
AATGTCGTTCCACGGGATATTCTTC	10	0-3,1;
CGCGACAGTCGCACGCGCATTTTGA	10	0-1,1;
TGCGACAATTTTAACGGAGCTGAAC	10	0-2,1;
TCTTAGCCCTGCTGAATAAGAATGT	10	0-3,1;
CGTGGCTACGACACTTTATCTGGCA	10	0-1,1;
CCACTCTCGCCCAACTCTCAAGAGC	10	0-0-1,1;
ACTTCTTCCGGAATTTGAGCTCATG	10	0-3,1;
TAGTCCCACTGCGGCTTATAAGGAG	10	0-2,1;
TACGACACTTTATCTGGCAGACGCG	10	0-1,1;
AAAACCAAGGACTTGGAACGCTACG	10	0-1-2,1;
GTGATGGCATTCGTAAACTCCCCTA	10	0-2,1;
TGGCAGACGCGACAGTCGCACGCGC	10	0-1,1;
TCTGCCGAACAATGTCTTGGCTCTT	10	0-3,1;
GGCATTCGTAAACTCCCCTACTCAG	10	0-2,1;
GTTCCACGGGATATTCTTCCGCAAT	10	0-3,1;
ACACTTTATCTGGCAGACGCGACAG	10	0-1,1;
ATAGTCCCACTGCGGCTTATAAGGA	10	0-2,1;
ACTCTACATAGTAAATTGGCAGCTG	10	0-0,1;
TTTAACCCGTCAAAAACCAAGGACT	10	0-1-2,1;
GCCCAACTCTCAAGAGCTCAATTTC	10	0-1,1;
AGGTTCTATATGTAACTACGTCATA	10	0-3,1;
CGGGTGAGGTAGTCGTAGTCTGCCG	10	0-2-3,1;
GATCGAGCGCTGATAGTCCCACTGC	10	0-2,1;
ACGCGCATTTTGACGGCTCTTGGGT	10	0-1,1;
CGCCCAACTCTCAAGAGCTCAATTT	10	0-1,1;
GACGCGACAGTCGCACGCGCATTTT	10	0-1,1;
AAGTGATGGCATTCGTAAACTCCCC	10	0-2,1;
CAACTCTCAAGAGCTCAATTTCCTA	10	0-1,1;
CAGACAGAACTGCTCGGGTGAGGTA	10	0-2-3,1;
TCTTGGCTCTTAGCCCTGCTGAATA	10	0-3,1;
TGTCGTTCCACGGGATATTCTTCCG	10	0-3,1;
CTGAACCGATCGAGCGCTGATAGTC	10	0-2,1;
TTAACGGAGCTGAACCGATCGAGCG	10	0-2,1;
AACCTATTCGTGGCTACGACACTTT	10	0-1,1;
CGGCTCTTGGGTTTAACCCGTCAAA	10	0-1,1;
CCCGTCAAAAACCAAGGACTTGGAA	10	0-1-2,1;
GTCGCACGCGCATTTTGACGGCTCT	10	0-1,1;
AGAATGTCGTTCCACGGGATATTCT	10	0-3,1;
TCCACGGGATATTCTTCCGCAATGC	10	0-3,1;
ACGGCTCTTGGGTTTAACCCGTCAA	10	0-1,1;
GCTGAACCGATCGAGCGCTGATAGT	10	0-2,1;
TACGTCATAACTTCTTCCGGAATTT	10	0-3,1;
AAATTAGAACAATTTCCAACCACTC	10	0-0,1;
GCTTATAAGGAGCTCAAGTGATGGC	10	0-2,1;
CCTGGATTCCCATTCAGATGTACCT	10	0-0,1;
AAGGAGCTCAAGTGATGGCATTCGT	10	0-2,1;
GCTCAAGTGATGGCATTCGTAAACT	10	0-2,1;
CAATTTCCAACCACTCTCGCCCAAC	10	0-0-1,1;
GGGTTTAACCCGTCAAAAACCAAGG	10	0-1-2,1;
TCGTAGTCTGCCGAACAATGTCTTG	10	0-3,1;
TTCCTATCAACCTATTCGTGGCTAC	10	0-1,1;
CAAAATTAGAACAATTTCCAACCAC	10	0-0,1;
TATCAACCTATTCGTGGCTACGACA	10	0-1,1;
GAGCTCAAGTGATGGCATTCGTAAA	10	0-2,1;
AGACGCGACAGTCGCACGCGCATTT	10	0-1,1;
CCTAAAGTTCCTGGATTCCCATTCA	10	0-0,1;
TGTACCTACTCTACATAGTAAATTG	10	0-0,1;
TCCCATTCAGATGTACCTACTCTAC	10	0-0,1;
TTTAACGGAGCTGAACCGATCGAGC	10	0-2,1;
GGCAGCTGTACGGCTCGTCAAAATT	10	0-0,1;
CTCTCGCCCAACTCTCAAGAGCTCA	10	0-0-1,1;
ATGGCATTCGTAAACTCCCCTACTC	10	0-2,1;
GCTCGTCAAAATTAGAACAATTTCC	10	0-0,1;
CTCGGGTGAGGTAGTCGTAGTCTGC	10	0-2-3,1;
CGATCGAGCGCTGATAGTCCCACTG	10	0-2,1;
ATCTGGCAGACGCGACAGTCGCACG	10	0-1,1;
CAGCTGTACGGCTCGTCAAAATTAG	10	0-0,1;
ACCTATTCGTGGCTACGACACTTTA	10	0-1,1;
CTGGATTCCCATTCAGATGTACCTA	10	0-0,1;
AACTTCTTCCGGAATTTGAGCTCAT	10	0-3,1;
GACAATTTTAACGGAGCTGAACCGA	10	0-2,1;
ACGGAGCTGAACCGATCGAGCGCTG	10	0-2,1;
GCACGCGCATTTTGACGGCTCTTGG	10	0-1,1;
GGATATTCTTCCGCAATGCGACATA	10	0-3,1;
TCAAGTGATGGCATTCGTAAACTCC	10	0-2,1;
CTACGTCATAACTTCTTCCGGAATT	10	0-3,1;
TCCTGGATTCCCATTCAGATGTACC	10	0-0,1;
GACACTTTATCTGGCAGACGCGACA	10	0-1,1;
ACAGAACTGCTCGGGTGAGGTAGTC	10	0-2-3,1;
TAAAGTTCCTGGATTCCCATTCAGA	10	0-0,1;
GGACTTGGAACGCTACGTGGTGCGA	10	0-2,1;
CCCAACTCTCAAGAGCTCAATTTCC	10	0-1,1;
AGTTGGCGATGTTGAGGTTCTATAT	10	0-3,1;
ATTCAGATGTACCTACTCTACATAG	10	0-0,1;
TCCCCTACTCAGACAGAACTGCTCG	10	0-2,1;
TGGTGCGACAATTTTAACGGAGCTG	10	0-2,1;
GGCGATGTTGAGGTTCTATATGTAA	10	0-3,1;
CCCATTCAGATGTACCTACTCTACA	10	0-0,1;
TCTCGCCCAACTCTCAAGAGCTCAA	10	0-0-1,1;
GCTGATAGTCCCACTGCGGCTTATA	10	0-2,1;
TTGGGTTTAACCCGTCAAAAACCAA	10	0-1-2,1;
CGTTCCACGGGATATTCTTCCGCAA	10	0-3,1;
CTACGACACTTTATCTGGCAGACGC	10	0-1,1;
CAGTCGCACGCGCATTTTGACGGCT	10	0-1,1;
AGCTCAATTTCCTATCAACCTATTC	10	0-1,1;
TCTGGCAGACGCGACAGTCGCACGC	10	0-1,1;
TCCTATCAACCTATTCGTGGCTACG	10	0-1,1;
GTGAGGTAGTCGTAGTCTGCCGAAC	10	0-2-3,1;
TCAAAAACCAAGGACTTGGAACGCT	10	0-1-2,1;
CCTACTCAGACAGAACTGCTCGGGT	10	0-2,1;
CGGGATATTCTTCCGCAATGCGACA	10	0-3,1;
TCAAAATTAGAACAATTTCCAACCA	10	0-0,1;
TAACGGAGCTGAACCGATCGAGCGC	10	0-2,1;
TATGTAACTACGTCATAACTTCTTC	10	0-3,1;
TCAAGAGCTCAATTTCCTATCAACC	10	0-1,1;
TTCCGGAATTTGAGCTCATGCGACA	10	0-3,1;
GCTGAATAAGAATGTCGTTCCACGG	10	0-3,1;
AACCGATCGAGCGCTGATAGTCCCA	10	0-2,1;
ACCTACTCTACATAGTAAATTGGCA	10	0-0,1;
TCTTCCGCAATGCGACATAGTTGGC	10	0-3,1;
AATTAGAACAATTTCCAACCACTCT	10	0-0,1;
GTTGGCGATGTTGAGGTTCTATATG	10	0-3,1;
ATTCGTAAACTCCCCTACTCAGACA	10	0-2,1;
TTGAGGTTCTATATGTAACTACGTC	10	0-3,1;
AATTTTAACGGAGCTGAACCGATCG	10	0-2,1;
GCATTTTGACGGCTCTTGGGTTTAA	10	0-1,1;
GTTCTATATGTAACTACGTCATAAC	10	0-3,1;
AGAACAATTTCCAACCACTCTCGCC	10	0-0-1,1;
AATTTCCAACCACTCTCGCCCAACT	10	0-0-1,1;
TCGCACGCGCATTTTGACGGCTCTT	10	0-1,1;
TCAATTTCCTATCAACCTATTCGTG	10	0-1,1;
ATCGAGCGCTGATAGTCCCACTGCG	10	0-2,1;
ATAACTTCTTCCGGAATTTGAGCTC	10	0-3,1;
ATCAACCTATTCGTGGCTACGACAC	10	0-1,1;
ACAATTTTAACGGAGCTGAACCGAT	10	0-2,1;
TTTCCTATCAACCTATTCGTGGCTA	10	0-1,1;
ACTGCGGCTTATAAGGAGCTCAAGT	10	0-2,1;
GGTGCGACAATTTTAACGGAGCTGA	10	0-2,1;
TGCCGAACAATGTCTTGGCTCTTAG	10	0-3,1;
CTACTCTACATAGTAAATTGGCAGC	10	0-0,1;
TAAGAATGTCGTTCCACGGGATATT	10	0-3,1;
TGAATAAGAATGTCGTTCCACGGGA	10	0-3,1;
TCGGGTGAGGTAGTCGTAGTCTGCC	10	0-2-3,1;
CAAGGACTTGGAACGCTACGTGGTG	10	0-1-2,1;
TCATAACTTCTTCCGGAATTTGAGC	10	0-3,1;
ACGCTACGTGGTGCGACAATTTTAA	10	0-2,1;
ATGTTGAGGTTCTATATGTAACTAC	10	0-3,1;
GCTCGGGTGAGGTAGTCGTAGTCTG	10	0-2-3,1;
CCAACTCTCAAGAGCTCAATTTCCT	10	0-1,1;
TGGCTACGACACTTTATCTGGCAGA	10	0-1,1;
AGCTGTACGGCTCGTCAAAATTAGA	10	0-0,1;
CACTGCGGCTTATAAGGAGCTCAAG	10	0-2,1;
AGCTCAAGTGATGGCATTCGTAAAC	10	0-2,1;
GCTACGACACTTTATCTGGCAGACG	10	0-1,1;
CTTATAAGGAGCTCAAGTGATGGCA	10	0-2,1;
AATGCGACATAGTTGGCGATGTTGA	10	0-3,1;
CAGATGTACCTACTCTACATAGTAA	10	0-0,1;
GGCAGACGCGACAGTCGCACGCGCA	10	0-1,1;
TTCCTGGATTCCCATTCAGATGTAC	10	0-0,1;
CGGAGCTGAACCGATCGAGCGCTGA	10	0-2,1;
CATTCAGATGTACCTACTCTACATA	10	0-0,1;
CGCAATGCGACATAGTTGGCGATGT	10	0-3,1;
GCTCTTGGGTTTAACCCGTCAAAAA	10	0-1,1;
AGTGATGGCATTCGTAAACTCCCCT	10	0-2,1;
ATTTTAACGGAGCTGAACCGATCGA	10	0-2,1;
GCGCTGATAGTCCCACTGCGGCTTA	10	0-2,1;
ATTTCCAACCACTCTCGCCCAACTC	10	0-0-1,1;
TCAGACAGAACTGCTCGGGTGAGGT	10	0-2-3,1;
TAGTCGTAGTCTGCCGAACAATGTC	10	0-3,1;
GGTTCTATATGTAACTACGTCATAA	10	0-3,1;
